8-27-2024 20:28:31 - verbose: Arguments:
8-27-2024 20:28:31 - verbose:   /Applications/Cocos/Creator/3.7.4/CocosCreator.app/Contents/MacOS/CocosCreator: true
8-27-2024 20:28:31 - verbose:   project: /Users/ruoyan/Desktop/WorkSpace/cairo-provable-game/packages/cocos
8-27-2024 20:28:31 - verbose:   can-show-upgrade-dialog: true
8-27-2024 20:28:31 - verbose:   dev: false
8-27-2024 20:28:31 - verbose:   home: /Users/ruoyan/.CocosCreator
8-27-2024 20:28:31 - verbose:  
8-27-2024 20:28:35 - verbose: [Package] menu@1.0.0 enable
8-27-2024 20:28:35 - verbose: [Package] profile@1.0.0 enable
8-27-2024 20:28:35 - verbose: [Package] project@1.0.4 enable
8-27-2024 20:28:35 - verbose: [Package] messages@1.0.0 enable
8-27-2024 20:28:35 - verbose: [Package] program@1.0.3 enable
8-27-2024 20:28:35 - verbose: [Package] tester@1.0.0 enable
8-27-2024 20:28:35 - verbose: [Package] information@1.0.0 enable
8-27-2024 20:28:35 - verbose: [Package] preferences@1.0.0 enable
8-27-2024 20:28:37 - log: Load engine in /Applications/Cocos/Creator/3.7.4/CocosCreator.app/Contents/Resources/resources/3d/engine
8-27-2024 20:28:37 - log: Profile changed: engine (modules.includeModules: 2d,animation,audio,base,dragon-bones,gfx-webgl,gfx-webgl2,intersection-2d,light-probe,particle-2d,physics-2d-box2d,profiler,spine,tiled-map,tween,ui,video,websocket,webview)
8-27-2024 20:28:37 - log: Register native engine in /Applications/Cocos/Creator/3.7.4/CocosCreator.app/Contents/Resources/resources/3d/engine/native
8-27-2024 20:28:37 - verbose: [Package] engine@1.0.7 enable
8-27-2024 20:28:38 - verbose: [Package] programming@1.0.0 enable
8-27-2024 20:28:38 - verbose: [Package] device@1.0.1 enable
8-27-2024 20:28:38 - verbose: [Package] ui-kit@1.0.1 enable
8-27-2024 20:28:38 - verbose: [Package] asset-db@1.0.0 enable
8-27-2024 20:28:38 - verbose: [Package] scene@1.0.0 enable
8-27-2024 20:28:38 - verbose: [Package] server@1.0.0 enable
8-27-2024 20:28:38 - verbose: [Package] utils@1.0.0 enable
8-27-2024 20:28:41 - verbose: [Package] preview@1.0.1 enable
8-27-2024 20:28:41 - verbose: [Package] animator@1.0.0 enable
8-27-2024 20:28:41 - verbose: [Build-plugin] register pkg scene: 1ms
8-27-2024 20:28:41 - verbose: Builder PluginManager init: 2ms
8-27-2024 20:28:41 - verbose: [Package] builder@1.3.5 enable
8-27-2024 20:28:41 - verbose: [Package] shortcuts@1.0.1 enable
8-27-2024 20:28:41 - verbose: [Package] animation-graph@1.0.0 enable
8-27-2024 20:28:41 - verbose: [Package] about@1.0.0 enable
8-27-2024 20:28:41 - verbose: [Package] assets@1.0.0 enable
8-27-2024 20:28:41 - verbose: [Package] console@1.0.0 enable
8-27-2024 20:28:41 - verbose: [Package] crash-reporter@1.0.0 enable
8-27-2024 20:28:42 - verbose: [Package] extension@3.1.1 enable
8-27-2024 20:28:42 - verbose: [Package] hierarchy@1.0.0 enable
8-27-2024 20:28:42 - verbose: [Package] inspector@1.0.0 enable
8-27-2024 20:28:42 - verbose: [Package] light-probe@1.0.4 enable
8-27-2024 20:28:42 - verbose: [Package] lightmap@1.0.4 enable
8-27-2024 20:28:42 - verbose: [Package] node-library@1.0.1 enable
8-27-2024 20:28:42 - verbose: [Package] package-asset@1.0.1 enable
8-27-2024 20:28:42 - verbose: [Package] process@1.0.0 enable
8-27-2024 20:28:42 - verbose: [Package] reference-image@1.0.0 enable
8-27-2024 20:28:42 - verbose: [Package] im-plugin@3.0.12 enable
8-27-2024 20:28:42 - verbose: [Package] cocos-service@3.0.7 enable
8-27-2024 20:28:42 - verbose: [Build-plugin] register pkg cocos-service: 25ms
8-27-2024 20:28:42 - verbose: [Package] reflection-probe@1.0.4 enable
8-27-2024 20:28:42 - verbose: [Package] engine-extends@1.0.0 enable
8-27-2024 20:28:42 - verbose: [Package] alipay-mini-game@1.0.1 enable
8-27-2024 20:28:42 - verbose: [Package] android@1.0.1 enable
8-27-2024 20:28:42 - verbose: [Package] bytedance-mini-game@1.0.2 enable
8-27-2024 20:28:42 - verbose: [Package] certificate@1.0.0 enable
8-27-2024 20:28:42 - verbose: [Package] channel-upload-tools@1.0.0 enable
8-27-2024 20:28:42 - verbose: [Package] fb-instant-games@1.0.0 enable
8-27-2024 20:28:42 - verbose: [Package] huawei-agc@1.0.0 enable
8-27-2024 20:28:42 - verbose: [Package] huawei-quick-game@1.0.1 enable
8-27-2024 20:28:42 - verbose: [Package] ios@1.0.0 enable
8-27-2024 20:28:42 - verbose: [Build-plugin] register pkg alipay-mini-game: 331ms
8-27-2024 20:28:42 - verbose: [Package] linux@1.0.0 enable
8-27-2024 20:28:42 - verbose: [Package] mac@1.0.0 enable
8-27-2024 20:28:43 - verbose: [Build-plugin] register pkg android: 358ms
8-27-2024 20:28:43 - verbose: [Build-plugin] register pkg bytedance-mini-game: 322ms
8-27-2024 20:28:43 - verbose: [Package] native@1.0.2 enable
8-27-2024 20:28:43 - verbose: [Build-plugin] register pkg native: 31ms
8-27-2024 20:28:43 - verbose: [Build-plugin] register pkg fb-instant-games: 323ms
8-27-2024 20:28:43 - verbose: [Build-plugin] register pkg huawei-agc: 300ms
8-27-2024 20:28:43 - verbose: [Build-plugin] register pkg huawei-quick-game: 275ms
8-27-2024 20:28:43 - verbose: [Package] ohos@1.0.0 enable
8-27-2024 20:28:43 - verbose: [Package] open-harmonyos@1.0.0 enable
8-27-2024 20:28:43 - verbose: [Package] oppo-mini-game@1.0.1 enable
8-27-2024 20:28:43 - verbose: [Package] runtime-dev-tools@1.0.0 enable
8-27-2024 20:28:43 - verbose: [Build-plugin] register pkg ios: 230ms
8-27-2024 20:28:43 - verbose: [Build-plugin] register pkg mac: 191ms
8-27-2024 20:28:43 - verbose: [Package] taobao-creative-app@1.0.0 enable
8-27-2024 20:28:43 - verbose: [Package] taobao-mini-game@1.0.0 enable
8-27-2024 20:28:43 - verbose: [Package] vivo-mini-game@1.0.1 enable
8-27-2024 20:28:43 - verbose: [Build-plugin] register pkg ohos: 154ms
8-27-2024 20:28:43 - verbose: [Package] web-desktop@1.0.1 enable
8-27-2024 20:28:43 - verbose: [Package] web-mobile@1.0.1 enable
8-27-2024 20:28:43 - verbose: [Build-plugin] register pkg oppo-mini-game: 172ms
8-27-2024 20:28:43 - verbose: [Package] wechatgame@1.0.2 enable
8-27-2024 20:28:43 - verbose: [Package] wechatprogram@1.0.2 enable
8-27-2024 20:28:43 - verbose: [Package] windows@1.0.1 enable
8-27-2024 20:28:43 - verbose: [Build-plugin] register pkg vivo-mini-game: 146ms
8-27-2024 20:28:43 - verbose: [Package] xiaomi-quick-game@1.0.1 enable
8-27-2024 20:28:43 - verbose: [Package] placeholder@1.0.0 enable
8-27-2024 20:28:43 - verbose: [Build-plugin] register pkg web-mobile: 164ms
8-27-2024 20:28:43 - verbose: [Build-plugin] register pkg taobao-mini-game: 263ms
8-27-2024 20:28:43 - verbose: [Build-plugin] register pkg windows: 152ms
8-27-2024 20:28:43 - verbose: [Build-plugin] register pkg xiaomi-quick-game: 152ms
8-27-2024 20:28:43 - verbose: [Build-plugin] register pkg wechatgame: 290ms
8-27-2024 20:28:43 - verbose: [Build-plugin] register pkg web-desktop: 388ms
8-27-2024 20:28:45 - verbose: asset-db is ready!
8-27-2024 20:28:45 - info: [Scene] [Physics][Bullet]: Using asmjs Bullet libs.
8-27-2024 20:28:45 - info: [Scene] [PHYSICS]: using builtin.
8-27-2024 20:28:46 - log: [Scene] Cocos Creator v3.7.4
8-27-2024 20:28:46 - info: [Scene] Forward render pipeline initialized.
8-27-2024 20:28:46 - info: [Scene] [PHYSICS2D]: switch from builtin to box2d.
8-27-2024 20:30:06 - verbose: [
8-27-2024 20:30:06 - verbose: [
8-27-2024 20:30:06 - verbose: [
8-27-2024 20:30:06 - verbose: [
8-27-2024 20:30:06 - verbose: [
8-27-2024 20:30:06 - verbose: [
8-27-2024 20:30:06 - verbose: [
8-27-2024 20:30:06 - verbose: [
8-27-2024 20:30:06 - verbose: [
8-27-2024 20:30:06 - verbose: [
8-27-2024 20:30:06 - verbose: [
8-27-2024 20:30:06 - verbose: [
8-27-2024 20:30:06 - verbose: [
8-27-2024 20:30:06 - verbose: [
8-27-2024 20:30:06 - verbose: [
8-27-2024 20:30:06 - verbose: [
8-27-2024 20:30:06 - verbose: [
8-27-2024 20:30:06 - verbose: [
8-27-2024 20:30:06 - verbose: [
8-27-2024 20:30:06 - verbose: [
8-27-2024 20:30:06 - verbose: B
8-27-2024 20:30:17 - warn: [Assets] The SpriteFrame used by component "cc.Button" in scene "Home" is missing. Detailed information:
Node path: "Canvas/Buildings/Courage"
Asset url: "db://assets/scenes/Home"
Missing uuid: "68ac9b6a-a75e-49d7-8412-3df278cf4f20@f9941"
[Assets] The SpriteFrame used by component "cc.Button" in scene "Home" is missing. Detailed information:
Node path: "Canvas/Buildings/Courage"
Asset url: "db://assets/scenes/Home"
Missing uuid: "68ac9b6a-a75e-49d7-8412-3df278cf4f20@f9941"
  
at Object.encode (/Applications/Cocos/Creator/3.7.4/CocosCreator.app/Contents/Resources/app.asar/node_modules/@base/electron-worker/node_modules/v-stacks/index.js:14:17)  
at Logger._logHandler (/Applications/Cocos/Creator/3.7.4/CocosCreator.app/Contents/Resources/app.asar/node_modules/@base/electron-worker/static/script.ccc:1:531)  
at Logger.record (/Applications/Cocos/Creator/3.7.4/CocosCreator.app/Contents/Resources/app.asar/node_modules/@base/electron-logger/lib/renderer.ccc:1:458)  
at Object.warn (/Applications/Cocos/Creator/3.7.4/CocosCreator.app/Contents/Resources/app.asar/node_modules/@base/electron-logger/lib/renderer.ccc:1:1260)  
at Object.warn (/Applications/Cocos/Creator/3.7.4/CocosCreator.app/Contents/Resources/app.asar/builtin/asset-db/dist/worker/console.ccc:1:1412)  
at NewConsole.warn (/Applications/Cocos/Creator/3.7.4/CocosCreator.app/Contents/Resources/app.asar/builtin/builder/dist/worker/console.ccc:1:1709)  
at MissingObjectReporter.doReport (/Applications/Cocos/Creator/3.7.4/CocosCreator.app/Contents/Resources/app.asar/builtin/engine/dist/editor-extends/missing-reporter/missing-object-reporter.ccc:1:1304)  
at /Applications/Cocos/Creator/3.7.4/CocosCreator.app/Contents/Resources/app.asar/builtin/engine/dist/editor-extends/missing-reporter/missing-object-reporter.ccc:1:2190  
at ObjectWalkerBehavior.walk (/Applications/Cocos/Creator/3.7.4/CocosCreator.app/Contents/Resources/app.asar/builtin/engine/dist/editor-extends/missing-reporter/object-walker.ccc:1:2355)  
at ObjectWalkerBehavior.parseCCClass (/Applications/Cocos/Creator/3.7.4/CocosCreator.app/Contents/Resources/app.asar/builtin/engine/dist/editor-extends/missing-reporter/object-walker.ccc:1:650)
8-27-2024 20:30:18 - warn: [Assets] The SpriteFrame used by component "cc.Button" in scene "Home" is missing. Detailed information:
Node path: "Canvas/Buildings/Courage"
Asset url: "db://assets/scenes/Home"
Missing uuid: "68ac9b6a-a75e-49d7-8412-3df278cf4f20@f9941"
[Assets] The SpriteFrame used by component "cc.Button" in scene "Home" is missing. Detailed information:
Node path: "Canvas/Buildings/Courage"
Asset url: "db://assets/scenes/Home"
Missing uuid: "68ac9b6a-a75e-49d7-8412-3df278cf4f20@f9941"
  
at Object.encode (/Applications/Cocos/Creator/3.7.4/CocosCreator.app/Contents/Resources/app.asar/node_modules/@base/electron-worker/node_modules/v-stacks/index.js:14:17)  
at Logger._logHandler (/Applications/Cocos/Creator/3.7.4/CocosCreator.app/Contents/Resources/app.asar/node_modules/@base/electron-worker/static/script.ccc:1:531)  
at Logger.record (/Applications/Cocos/Creator/3.7.4/CocosCreator.app/Contents/Resources/app.asar/node_modules/@base/electron-logger/lib/renderer.ccc:1:458)  
at Object.warn (/Applications/Cocos/Creator/3.7.4/CocosCreator.app/Contents/Resources/app.asar/node_modules/@base/electron-logger/lib/renderer.ccc:1:1260)  
at Object.warn (/Applications/Cocos/Creator/3.7.4/CocosCreator.app/Contents/Resources/app.asar/builtin/asset-db/dist/worker/console.ccc:1:1412)  
at NewConsole.warn (/Applications/Cocos/Creator/3.7.4/CocosCreator.app/Contents/Resources/app.asar/builtin/builder/dist/worker/console.ccc:1:1709)  
at MissingObjectReporter.doReport (/Applications/Cocos/Creator/3.7.4/CocosCreator.app/Contents/Resources/app.asar/builtin/engine/dist/editor-extends/missing-reporter/missing-object-reporter.ccc:1:1304)  
at /Applications/Cocos/Creator/3.7.4/CocosCreator.app/Contents/Resources/app.asar/builtin/engine/dist/editor-extends/missing-reporter/missing-object-reporter.ccc:1:2190  
at ObjectWalkerBehavior.walk (/Applications/Cocos/Creator/3.7.4/CocosCreator.app/Contents/Resources/app.asar/builtin/engine/dist/editor-extends/missing-reporter/object-walker.ccc:1:2355)  
at ObjectWalkerBehavior.parseCCClass (/Applications/Cocos/Creator/3.7.4/CocosCreator.app/Contents/Resources/app.asar/builtin/engine/dist/editor-extends/missing-reporter/object-walker.ccc:1:650)
8-27-2024 20:30:18 - warn: [Assets] The SpriteFrame used by component "cc.Button" in scene "Home" is missing. Detailed information:
Node path: "Canvas/Buildings/Courage"
Asset url: "db://assets/scenes/Home"
Missing uuid: "68ac9b6a-a75e-49d7-8412-3df278cf4f20@f9941"
[Assets] The SpriteFrame used by component "cc.Button" in scene "Home" is missing. Detailed information:
Node path: "Canvas/Buildings/Courage"
Asset url: "db://assets/scenes/Home"
Missing uuid: "68ac9b6a-a75e-49d7-8412-3df278cf4f20@f9941"
  
at Object.encode (/Applications/Cocos/Creator/3.7.4/CocosCreator.app/Contents/Resources/app.asar/node_modules/@base/electron-worker/node_modules/v-stacks/index.js:14:17)  
at Logger._logHandler (/Applications/Cocos/Creator/3.7.4/CocosCreator.app/Contents/Resources/app.asar/node_modules/@base/electron-worker/static/script.ccc:1:531)  
at Logger.record (/Applications/Cocos/Creator/3.7.4/CocosCreator.app/Contents/Resources/app.asar/node_modules/@base/electron-logger/lib/renderer.ccc:1:458)  
at Object.warn (/Applications/Cocos/Creator/3.7.4/CocosCreator.app/Contents/Resources/app.asar/node_modules/@base/electron-logger/lib/renderer.ccc:1:1260)  
at Object.warn (/Applications/Cocos/Creator/3.7.4/CocosCreator.app/Contents/Resources/app.asar/builtin/asset-db/dist/worker/console.ccc:1:1412)  
at NewConsole.warn (/Applications/Cocos/Creator/3.7.4/CocosCreator.app/Contents/Resources/app.asar/builtin/builder/dist/worker/console.ccc:1:1709)  
at MissingObjectReporter.doReport (/Applications/Cocos/Creator/3.7.4/CocosCreator.app/Contents/Resources/app.asar/builtin/engine/dist/editor-extends/missing-reporter/missing-object-reporter.ccc:1:1304)  
at /Applications/Cocos/Creator/3.7.4/CocosCreator.app/Contents/Resources/app.asar/builtin/engine/dist/editor-extends/missing-reporter/missing-object-reporter.ccc:1:2190  
at ObjectWalkerBehavior.walk (/Applications/Cocos/Creator/3.7.4/CocosCreator.app/Contents/Resources/app.asar/builtin/engine/dist/editor-extends/missing-reporter/object-walker.ccc:1:2355)  
at ObjectWalkerBehavior.parseCCClass (/Applications/Cocos/Creator/3.7.4/CocosCreator.app/Contents/Resources/app.asar/builtin/engine/dist/editor-extends/missing-reporter/object-walker.ccc:1:650)
8-27-2024 20:30:26 - warn: [Assets] [build-script][[Build.Script.Rollup]] Circular dependency: file:///Users/ruoyan/Desktop/WorkSpace/cairo-provable-game/packages/cocos/assets/script/game/fight/character/CharacterMetaState.ts -> file:///Users/ruoyan/Desktop/WorkSpace/cairo-provable-game/packages/cocos/assets/script/prefab/HolCharacter.ts -> file:///Users/ruoyan/Desktop/WorkSpace/cairo-provable-game/packages/cocos/assets/script/game/fight/character/CharacterMetaState.ts
[warning][[Build.Script.Rollup]] Circular dependency: file:///Users/ruoyan/Desktop/WorkSpace/cairo-provable-game/packages/cocos/assets/script/scenes/Hero/Canvas/HeroAllHeros.ts -> file:///Users/ruoyan/Desktop/WorkSpace/cairo-provable-game/packages/cocos/assets/script/scenes/Hero/Canvas/HeroCharacterDetail.ts -> file:///Users/ruoyan/Desktop/WorkSpace/cairo-provable-game/packages/cocos/assets/script/scenes/Hero/Canvas/HeroAllHeros.ts
[Assets] [build-script][[Build.Script.Rollup]] Circular dependency: file:///Users/ruoyan/Desktop/WorkSpace/cairo-provable-game/packages/cocos/assets/script/game/fight/character/CharacterMetaState.ts -> file:///Users/ruoyan/Desktop/WorkSpace/cairo-provable-game/packages/cocos/assets/script/prefab/HolCharacter.ts -> file:///Users/ruoyan/Desktop/WorkSpace/cairo-provable-game/packages/cocos/assets/script/game/fight/character/CharacterMetaState.ts
[warning][[Build.Script.Rollup]] Circular dependency: file:///Users/ruoyan/Desktop/WorkSpace/cairo-provable-game/packages/cocos/assets/script/scenes/Hero/Canvas/HeroAllHeros.ts -> file:///Users/ruoyan/Desktop/WorkSpace/cairo-provable-game/packages/cocos/assets/script/scenes/Hero/Canvas/HeroCharacterDetail.ts -> file:///Users/ruoyan/Desktop/WorkSpace/cairo-provable-game/packages/cocos/assets/script/scenes/Hero/Canvas/HeroAllHeros.ts
  
at Logger.record (/Applications/Cocos/Creator/3.7.4/CocosCreator.app/Contents/Resources/app.asar/node_modules/@base/electron-logger/lib/renderer.ccc:1:458)  
at Object.warn (/Applications/Cocos/Creator/3.7.4/CocosCreator.app/Contents/Resources/app.asar/node_modules/@base/electron-logger/lib/renderer.ccc:1:1260)  
at Object.warn (/Applications/Cocos/Creator/3.7.4/CocosCreator.app/Contents/Resources/app.asar/builtin/asset-db/dist/worker/console.ccc:1:1412)  
at NewConsole.warn (/Applications/Cocos/Creator/3.7.4/CocosCreator.app/Contents/Resources/app.asar/builtin/builder/dist/worker/console.ccc:1:1709)  
at Socket.<anonymous> (/Applications/Cocos/Creator/3.7.4/CocosCreator.app/Contents/Resources/app.asar/builtin/builder/dist/worker/worker-pools/sub-process-manager.ccc:1:3499)  
at Socket.emit (events.js:315:20)  
at addChunk (internal/streams/readable.js:309:12)  
at readableAddChunk (internal/streams/readable.js:284:9)
