2024-8-27 20:30:16-debug: Start build task, options:{"name":"HeroOfLegend","platform":"web-desktop","buildPath":"project://build","debug":false,"md5Cache":false,"skipCompressTexture":false,"sourceMaps":false,"polyfills":{"asyncFunctions":true},"experimentalEraseModules":false,"useBuiltinServer":false,"mainBundleIsRemote":false,"mainBundleCompressionType":"merge_dep","useSplashScreen":true,"packAutoAtlas":true,"startScene":"ff2ad814-d744-4b35-bb00-89b8ff612b2e","outputName":"web-desktop","scenes":[{"url":"db://assets/scenes/Fight.scene","uuid":"ff2ad814-d744-4b35-bb00-89b8ff612b2e","inBundle":false},{"url":"db://assets/scenes/Hero.scene","uuid":"1709f9cf-7e10-4a5a-abc6-c460f0c181e4","inBundle":false},{"url":"db://assets/scenes/Home.scene","uuid":"4ac7ba25-3f92-4c83-9444-5c1306dc763d","inBundle":false},{"url":"db://assets/scenes/Preload.scene","uuid":"c2be0a56-ae6b-49dd-92f4-c20e9e9616f7","inBundle":false}],"web-desktop":[],"packages":{"web-desktop":{"useWebGPU":false,"resolution":{"designWidth":1280,"designHeight":960},"__version__":"1.0.1"},"cocos-service":{"configID":"fc0929","services":[]}},"__version__":"1.3.5"}
2024-8-27 20:30:16-debug: Build with Cocos Creator 3.7.4
2024-8-27 20:30:17-debug: // ---- build task cocos-service：onBeforeBuild ----
2024-8-27 20:30:17-debug: Process: heapTotal 254.06MB heapUsed 234.85MB rss 356.75MB
2024-8-27 20:30:17-debug: cocos-service:(onBeforeBuild) start...0%
2024-8-27 20:30:16-debug: =================================== build Task (web-desktop) Start ================================
2024-8-27 20:30:17-debug: scene:(onBeforeBuild) start...1%
2024-8-27 20:30:17-debug: // ---- build task scene：onBeforeBuild ----
2024-8-27 20:30:17-debug: Process: heapTotal 248.19MB heapUsed 218.66MB rss 350.36MB
2024-8-27 20:30:17-debug: // ---- build task cocos-service：onBeforeBuild ---- (279ms)
2024-8-27 20:30:17-debug: cocos-service:(onBeforeBuild) in 279 ms1%
2024-8-27 20:30:17-debug: // ---- build task scene：onBeforeBuild ---- (5ms)
2024-8-27 20:30:17-log: Asset DB is paused with build!
2024-8-27 20:30:17-debug: Query all assets info in project
2024-8-27 20:30:17-debug: Start lock asset db...2%
2024-8-27 20:30:17-debug: scene:(onBeforeBuild) in 5 ms2%
2024-8-27 20:30:17-debug:   Number of all scenes: 4
2024-8-27 20:30:17-debug:   Number of all scripts: 64
2024-8-27 20:30:17-debug:   Number of other assets: 614
2024-8-27 20:30:17-debug: web-desktop:(onAfterInit) start...2%
2024-8-27 20:30:17-debug: BuildAssetLibrary query-assets with assets 825
2024-8-27 20:30:17-debug: // ---- build task web-desktop：onAfterInit ----
2024-8-27 20:30:17-debug: Process: heapTotal 248.19MB heapUsed 221.57MB rss 350.39MB
2024-8-27 20:30:17-debug: init custom config: keepNodeUuid: false, useCache: true
2024-8-27 20:30:17-debug: web-desktop:(onAfterInit) in 1 ms3%
2024-8-27 20:30:17-debug: cocos-service:(onAfterInit) start...3%
2024-8-27 20:30:17-debug: // ---- build task cocos-service：onAfterInit ----
2024-8-27 20:30:17-debug: // ---- build task web-desktop：onAfterInit ---- (1ms)
2024-8-27 20:30:17-debug: Process: heapTotal 248.19MB heapUsed 221.62MB rss 350.41MB
2024-8-27 20:30:17-debug: Reload project scripts start4%
2024-8-27 20:30:17-debug: // ---- build task Reload project scripts ----
2024-8-27 20:30:17-debug: // ---- build task cocos-service：onAfterInit ---- (531ms)
2024-8-27 20:30:17-debug: Process: heapTotal 248.19MB heapUsed 221.70MB rss 341.69MB
2024-8-27 20:30:17-debug: cocos-service:(onAfterInit) in 531 ms4%
2024-8-27 20:30:17-debug: reload all scripts.
2024-8-27 20:30:17-debug: Incremental keys: 
2024-8-27 20:30:17-debug: Set detail map pack:///resolution-detail-map.json: {}
2024-8-27 20:30:17-groupCollapsed: Invalidate all modules
2024-8-27 20:30:17-debug: [[Executor]] Module "cce:/internal/x/cc-fu/base" loaded.
2024-8-27 20:30:17-debug: [[Executor]] Module "cce:/internal/x/cc-fu/gfx-webgl" loaded.
2024-8-27 20:30:17-debug: [[Executor]] Module "cce:/internal/x/cc-fu/gfx-webgl2" loaded.
2024-8-27 20:30:17-debug: [[Executor]] Module "cce:/internal/x/cc-fu/gfx-empty" loaded.
2024-8-27 20:30:17-debug: [[Executor]] Module "cce:/internal/x/cc-fu/3d" loaded.
2024-8-27 20:30:17-debug: [[Executor]] Module "cce:/internal/x/cc-fu/animation" loaded.
2024-8-27 20:30:17-debug: [[Executor]] Module "cce:/internal/x/cc-fu/skeletal-animation" loaded.
2024-8-27 20:30:17-debug: [[Executor]] Module "cce:/internal/x/cc-fu/2d" loaded.
2024-8-27 20:30:17-debug: [[Executor]] Module "cce:/internal/x/cc-fu/sorting" loaded.
2024-8-27 20:30:17-debug: [[Executor]] Module "cce:/internal/x/cc-fu/ui" loaded.
2024-8-27 20:30:17-debug: [[Executor]] Module "cce:/internal/x/cc-fu/particle" loaded.
2024-8-27 20:30:17-debug: [[Executor]] Module "cce:/internal/x/cc-fu/particle-2d" loaded.
2024-8-27 20:30:17-debug: [[Executor]] Module "cce:/internal/x/cc-fu/physics-framework" loaded.
2024-8-27 20:30:17-debug: [[Executor]] Module "cce:/internal/x/cc-fu/physics-2d-framework" loaded.
2024-8-27 20:30:17-debug: [[Executor]] Module "cce:/internal/x/cc-fu/intersection-2d" loaded.
2024-8-27 20:30:17-debug: [[Executor]] Module "cce:/internal/x/cc-fu/primitive" loaded.
2024-8-27 20:30:17-debug: [[Executor]] Module "cce:/internal/x/cc-fu/profiler" loaded.
2024-8-27 20:30:17-debug: [[Executor]] Module "cce:/internal/x/cc-fu/geometry-renderer" loaded.
2024-8-27 20:30:17-debug: [[Executor]] Module "cce:/internal/x/cc-fu/audio" loaded.
2024-8-27 20:30:17-debug: [[Executor]] Module "cce:/internal/x/cc-fu/video" loaded.
2024-8-27 20:30:17-debug: [[Executor]] Module "cce:/internal/x/cc-fu/xr" loaded.
2024-8-27 20:30:17-debug: /Users/ruoyan/Desktop/WorkSpace/cairo-provable-game/packages/cocos/temp/programming/packer-driver/targets/editor/chunks/ce/cee638a986ad8fae09398db255647defcaa6612a.js resolved to /Users/ruoyan/Desktop/WorkSpace/cairo-provable-game/packages/cocos/temp/programming/packer-driver/targets/editor/chunks/ce/cee638a986ad8fae09398db255647defcaa6612a.js is not in module cache!
2024-8-27 20:30:17-debug: [[Executor]] Module "cce:/internal/x/cc-fu/light-probe" loaded.
2024-8-27 20:30:17-debug: [[Executor]] Module "cce:/internal/x/cc-fu/terrain" loaded.
2024-8-27 20:30:17-debug: [[Executor]] Module "cce:/internal/x/cc-fu/webview" loaded.
2024-8-27 20:30:17-debug: [[Executor]] Module "cce:/internal/x/cc-fu/tiled-map" loaded.
2024-8-27 20:30:17-debug: [[Executor]] Module "cce:/internal/x/cc-fu/spine" loaded.
2024-8-27 20:30:17-debug: [[Executor]] Module "cce:/internal/x/cc-fu/dragon-bones" loaded.
2024-8-27 20:30:17-debug: [[Executor]] Module "cce:/internal/x/cc-fu/custom-pipeline" loaded.
2024-8-27 20:30:17-debug: [[Executor]] Module "cce:/internal/x/cc-fu/base" loaded.
2024-8-27 20:30:17-debug: [[Executor]] Module "cce:/internal/x/cc-fu/gfx-webgl" loaded.
2024-8-27 20:30:17-debug: [[Executor]] Module "cce:/internal/x/cc-fu/gfx-webgl2" loaded.
2024-8-27 20:30:17-debug: [[Executor]] Module "cce:/internal/x/cc-fu/tween" loaded.
2024-8-27 20:30:17-debug: [[Executor]] Module "cce:/internal/x/cc-fu/gfx-empty" loaded.
2024-8-27 20:30:17-debug: [[Executor]] Module "cce:/internal/x/cc-fu/3d" loaded.
2024-8-27 20:30:17-debug: [[Executor]] Module "cce:/internal/x/cc-fu/animation" loaded.
2024-8-27 20:30:17-debug: [[Executor]] Module "cce:/internal/x/cc-fu/skeletal-animation" loaded.
2024-8-27 20:30:17-debug: [[Executor]] Module "cce:/internal/x/cc-fu/2d" loaded.
2024-8-27 20:30:17-debug: [[Executor]] Module "cce:/internal/x/cc-fu/sorting" loaded.
2024-8-27 20:30:17-debug: [[Executor]] Module "cce:/internal/x/cc-fu/ui" loaded.
2024-8-27 20:30:17-debug: [[Executor]] Module "cce:/internal/x/cc-fu/particle" loaded.
2024-8-27 20:30:17-debug: [[Executor]] Module "cce:/internal/x/cc-fu/particle-2d" loaded.
2024-8-27 20:30:17-debug: [[Executor]] Module "cce:/internal/x/cc-fu/physics-framework" loaded.
2024-8-27 20:30:17-debug: [[Executor]] Module "cce:/internal/x/cc-fu/physics-2d-framework" loaded.
2024-8-27 20:30:17-debug: [[Executor]] Module "cce:/internal/x/cc-fu/primitive" loaded.
2024-8-27 20:30:17-debug: [[Executor]] Module "cce:/internal/x/cc-fu/profiler" loaded.
2024-8-27 20:30:17-debug: [[Executor]] Module "cce:/internal/x/cc-fu/intersection-2d" loaded.
2024-8-27 20:30:17-debug: [[Executor]] Module "cce:/internal/x/cc-fu/video" loaded.
2024-8-27 20:30:17-debug: [[Executor]] Module "cce:/internal/x/cc-fu/xr" loaded.
2024-8-27 20:30:17-debug: [[Executor]] Module "cce:/internal/x/cc-fu/light-probe" loaded.
2024-8-27 20:30:17-debug: [[Executor]] Module "cce:/internal/x/cc-fu/terrain" loaded.
2024-8-27 20:30:17-debug: [[Executor]] Module "cce:/internal/x/cc-fu/geometry-renderer" loaded.
2024-8-27 20:30:17-debug: [[Executor]] Module "cce:/internal/x/cc-fu/tween" loaded.
2024-8-27 20:30:17-debug: [[Executor]] Module "cce:/internal/x/cc-fu/tiled-map" loaded.
2024-8-27 20:30:17-debug: [[Executor]] Module "cce:/internal/x/cc-fu/spine" loaded.
2024-8-27 20:30:17-debug: [[Executor]] Module "cce:/internal/x/cc-fu/dragon-bones" loaded.
2024-8-27 20:30:17-debug: [[Executor]] Module "cce:/internal/x/cc-fu/custom-pipeline" loaded.
2024-8-27 20:30:17-debug: [[Executor]] Module "pack:///chunks/ce/cee638a986ad8fae09398db255647defcaa6612a.js" loaded.
2024-8-27 20:30:17-debug: [[Executor]] Module "cce:/internal/x/cc-fu/webview" loaded.
2024-8-27 20:30:17-groupEnd: Invalidate all modules
2024-8-27 20:30:17-groupCollapsed: Imports all modules
2024-8-27 20:30:17-debug: [[Executor]] Module "cce:/internal/x/cc-fu/audio" loaded.
2024-8-27 20:30:17-debug: Invalidating 'pack:///chunks/ce/cee638a986ad8fae09398db255647defcaa6612a.js'
2024-8-27 20:30:17-debug: [[Executor]] Module "pack:///chunks/ce/cee638a986ad8fae09398db255647defcaa6612a.js" loaded.
2024-8-27 20:30:17-debug: [[Executor]] Module "pack:///chunks/09/0972a0f13f2921efc845aa10fe551751ad9e7e82.js" loaded.
2024-8-27 20:30:17-debug: /Users/ruoyan/Desktop/WorkSpace/cairo-provable-game/packages/cocos/temp/programming/packer-driver/targets/editor/chunks/09/0972a0f13f2921efc845aa10fe551751ad9e7e82.js resolved to /Users/ruoyan/Desktop/WorkSpace/cairo-provable-game/packages/cocos/temp/programming/packer-driver/targets/editor/chunks/09/0972a0f13f2921efc845aa10fe551751ad9e7e82.js is not in module cache!
2024-8-27 20:30:17-debug: /Users/ruoyan/Desktop/WorkSpace/cairo-provable-game/packages/cocos/temp/programming/packer-driver/targets/editor/chunks/21/2149071586fb5ee96d3e15df3a10b119fd0c3790.js resolved to /Users/ruoyan/Desktop/WorkSpace/cairo-provable-game/packages/cocos/temp/programming/packer-driver/targets/editor/chunks/21/2149071586fb5ee96d3e15df3a10b119fd0c3790.js is not in module cache!
2024-8-27 20:30:17-debug: [[Executor]] Register DebugViewRuntimeControl
2024-8-27 20:30:17-debug: [[Executor]] Module "pack:///chunks/21/2149071586fb5ee96d3e15df3a10b119fd0c3790.js" loaded.
2024-8-27 20:30:17-debug: /Users/ruoyan/Desktop/WorkSpace/cairo-provable-game/packages/cocos/temp/programming/packer-driver/targets/editor/chunks/ab/ab7512ed66622acd0d3317cbff6ad4fed270575a.js resolved to /Users/ruoyan/Desktop/WorkSpace/cairo-provable-game/packages/cocos/temp/programming/packer-driver/targets/editor/chunks/ab/ab7512ed66622acd0d3317cbff6ad4fed270575a.js is not in module cache!
2024-8-27 20:30:17-debug: /Users/ruoyan/Desktop/WorkSpace/cairo-provable-game/packages/cocos/temp/programming/packer-driver/targets/editor/chunks/84/84741ad843cea9a440c5d8c2d379669b6551400d.js resolved to /Users/ruoyan/Desktop/WorkSpace/cairo-provable-game/packages/cocos/temp/programming/packer-driver/targets/editor/chunks/84/84741ad843cea9a440c5d8c2d379669b6551400d.js is not in module cache!
2024-8-27 20:30:17-debug: [[Executor]] Module "pack:///chunks/84/84741ad843cea9a440c5d8c2d379669b6551400d.js" loaded.
2024-8-27 20:30:17-debug: [[Executor]] Module "pack:///chunks/ab/ab7512ed66622acd0d3317cbff6ad4fed270575a.js" loaded.
2024-8-27 20:30:17-debug: /Users/ruoyan/Desktop/WorkSpace/cairo-provable-game/packages/cocos/temp/programming/packer-driver/targets/editor/chunks/e5/e53629a47e55b452b9a896e5173c2c77e5353e5b.js resolved to /Users/ruoyan/Desktop/WorkSpace/cairo-provable-game/packages/cocos/temp/programming/packer-driver/targets/editor/chunks/e5/e53629a47e55b452b9a896e5173c2c77e5353e5b.js is not in module cache!
2024-8-27 20:30:17-debug: [[Executor]] Module "pack:///chunks/e5/e53629a47e55b452b9a896e5173c2c77e5353e5b.js" loaded.
2024-8-27 20:30:17-debug: /Users/ruoyan/Desktop/WorkSpace/cairo-provable-game/packages/cocos/temp/programming/packer-driver/targets/editor/chunks/32/32458e9c43d4e72e41574f1cc2e3d92c1508835b.js resolved to /Users/ruoyan/Desktop/WorkSpace/cairo-provable-game/packages/cocos/temp/programming/packer-driver/targets/editor/chunks/32/32458e9c43d4e72e41574f1cc2e3d92c1508835b.js is not in module cache!
2024-8-27 20:30:17-debug: [[Executor]] Module "pack:///chunks/32/32458e9c43d4e72e41574f1cc2e3d92c1508835b.js" loaded.
2024-8-27 20:30:17-debug: /Users/ruoyan/Desktop/WorkSpace/cairo-provable-game/packages/cocos/temp/programming/packer-driver/targets/editor/chunks/28/2876537869eeb95a92266c2a8cf62b0809b71ce5.js resolved to /Users/ruoyan/Desktop/WorkSpace/cairo-provable-game/packages/cocos/temp/programming/packer-driver/targets/editor/chunks/28/2876537869eeb95a92266c2a8cf62b0809b71ce5.js is not in module cache!
2024-8-27 20:30:17-debug: [[Executor]] Module "pack:///chunks/28/2876537869eeb95a92266c2a8cf62b0809b71ce5.js" loaded.
2024-8-27 20:30:17-debug: [[Executor]] Module "pack:///chunks/03/03a35977c52cca2c2ab3138f2ffd4a9f16e20765.js" loaded.
2024-8-27 20:30:17-debug: /Users/ruoyan/Desktop/WorkSpace/cairo-provable-game/packages/cocos/temp/programming/packer-driver/targets/editor/chunks/03/03a35977c52cca2c2ab3138f2ffd4a9f16e20765.js resolved to /Users/ruoyan/Desktop/WorkSpace/cairo-provable-game/packages/cocos/temp/programming/packer-driver/targets/editor/chunks/03/03a35977c52cca2c2ab3138f2ffd4a9f16e20765.js is not in module cache!
2024-8-27 20:30:17-debug: /Users/ruoyan/Desktop/WorkSpace/cairo-provable-game/packages/cocos/temp/programming/packer-driver/targets/editor/chunks/b5/b541ce89888345b23b42b2a73e550454f061ad7f.js resolved to /Users/ruoyan/Desktop/WorkSpace/cairo-provable-game/packages/cocos/temp/programming/packer-driver/targets/editor/chunks/b5/b541ce89888345b23b42b2a73e550454f061ad7f.js is not in module cache!
2024-8-27 20:30:17-debug: [[Executor]] Module "pack:///chunks/b5/b541ce89888345b23b42b2a73e550454f061ad7f.js" loaded.
2024-8-27 20:30:17-debug: /Users/ruoyan/Desktop/WorkSpace/cairo-provable-game/packages/cocos/temp/programming/packer-driver/targets/editor/chunks/fc/fc7b1e9423ca8da6ff731f17986e5494808b3a2c.js resolved to /Users/ruoyan/Desktop/WorkSpace/cairo-provable-game/packages/cocos/temp/programming/packer-driver/targets/editor/chunks/fc/fc7b1e9423ca8da6ff731f17986e5494808b3a2c.js is not in module cache!
2024-8-27 20:30:17-debug: [[Executor]] Module "pack:///chunks/fc/fc7b1e9423ca8da6ff731f17986e5494808b3a2c.js" loaded.
2024-8-27 20:30:17-debug: /Users/ruoyan/Desktop/WorkSpace/cairo-provable-game/packages/cocos/temp/programming/packer-driver/targets/editor/chunks/d6/d60ec1b3819b4710a85a218a00037492d8c928de.js resolved to /Users/ruoyan/Desktop/WorkSpace/cairo-provable-game/packages/cocos/temp/programming/packer-driver/targets/editor/chunks/d6/d60ec1b3819b4710a85a218a00037492d8c928de.js is not in module cache!
2024-8-27 20:30:17-debug: /Users/ruoyan/Desktop/WorkSpace/cairo-provable-game/packages/cocos/temp/programming/packer-driver/targets/editor/chunks/ed/ed806ac8ec41c7060a8f3bb6f87e65166a1c94ae.js resolved to /Users/ruoyan/Desktop/WorkSpace/cairo-provable-game/packages/cocos/temp/programming/packer-driver/targets/editor/chunks/ed/ed806ac8ec41c7060a8f3bb6f87e65166a1c94ae.js is not in module cache!
2024-8-27 20:30:17-debug: [[Executor]] Module "pack:///chunks/ed/ed806ac8ec41c7060a8f3bb6f87e65166a1c94ae.js" loaded.
2024-8-27 20:30:17-debug: [[Executor]] Module "pack:///chunks/d6/d60ec1b3819b4710a85a218a00037492d8c928de.js" loaded.
2024-8-27 20:30:17-debug: [[Executor]] Module "pack:///chunks/ba/babd2217457b8b042f02e4ee2adbec401cb4fee8.js" loaded.
2024-8-27 20:30:17-debug: /Users/ruoyan/Desktop/WorkSpace/cairo-provable-game/packages/cocos/temp/programming/packer-driver/targets/editor/chunks/ba/babd2217457b8b042f02e4ee2adbec401cb4fee8.js resolved to /Users/ruoyan/Desktop/WorkSpace/cairo-provable-game/packages/cocos/temp/programming/packer-driver/targets/editor/chunks/ba/babd2217457b8b042f02e4ee2adbec401cb4fee8.js is not in module cache!
2024-8-27 20:30:17-debug: [[Executor]] Module "pack:///chunks/e1/e1660dee3a79ae212c9d82b4f8add4938d61cfe0.js" loaded.
2024-8-27 20:30:17-debug: /Users/ruoyan/Desktop/WorkSpace/cairo-provable-game/packages/cocos/temp/programming/packer-driver/targets/editor/chunks/e1/e1660dee3a79ae212c9d82b4f8add4938d61cfe0.js resolved to /Users/ruoyan/Desktop/WorkSpace/cairo-provable-game/packages/cocos/temp/programming/packer-driver/targets/editor/chunks/e1/e1660dee3a79ae212c9d82b4f8add4938d61cfe0.js is not in module cache!
2024-8-27 20:30:17-debug: /Users/ruoyan/Desktop/WorkSpace/cairo-provable-game/packages/cocos/temp/programming/packer-driver/targets/editor/chunks/ae/aea8e33a5cc7b98050aa372acd4c4165eb87cafe.js resolved to /Users/ruoyan/Desktop/WorkSpace/cairo-provable-game/packages/cocos/temp/programming/packer-driver/targets/editor/chunks/ae/aea8e33a5cc7b98050aa372acd4c4165eb87cafe.js is not in module cache!
2024-8-27 20:30:17-debug: [[Executor]] Module "pack:///chunks/ae/aea8e33a5cc7b98050aa372acd4c4165eb87cafe.js" loaded.
2024-8-27 20:30:17-debug: /Users/ruoyan/Desktop/WorkSpace/cairo-provable-game/packages/cocos/temp/programming/packer-driver/targets/editor/chunks/c8/c87ebddd846d0f6213377454841d247fdfefc164.js resolved to /Users/ruoyan/Desktop/WorkSpace/cairo-provable-game/packages/cocos/temp/programming/packer-driver/targets/editor/chunks/c8/c87ebddd846d0f6213377454841d247fdfefc164.js is not in module cache!
2024-8-27 20:30:17-debug: /Users/ruoyan/Desktop/WorkSpace/cairo-provable-game/packages/cocos/temp/programming/packer-driver/targets/editor/chunks/5c/5ce0b4698145368424e1d8e9f0c4416b857fff79.js resolved to /Users/ruoyan/Desktop/WorkSpace/cairo-provable-game/packages/cocos/temp/programming/packer-driver/targets/editor/chunks/5c/5ce0b4698145368424e1d8e9f0c4416b857fff79.js is not in module cache!
2024-8-27 20:30:17-debug: /Users/ruoyan/Desktop/WorkSpace/cairo-provable-game/packages/cocos/temp/programming/packer-driver/targets/editor/chunks/3c/3c7358834054f73d76773dd591e372a4bc41291a.js resolved to /Users/ruoyan/Desktop/WorkSpace/cairo-provable-game/packages/cocos/temp/programming/packer-driver/targets/editor/chunks/3c/3c7358834054f73d76773dd591e372a4bc41291a.js is not in module cache!
2024-8-27 20:30:17-debug: /Users/ruoyan/Desktop/WorkSpace/cairo-provable-game/packages/cocos/temp/programming/packer-driver/targets/editor/chunks/d7/d7702166833f01217c71939f608ac58f156ab5a5.js resolved to /Users/ruoyan/Desktop/WorkSpace/cairo-provable-game/packages/cocos/temp/programming/packer-driver/targets/editor/chunks/d7/d7702166833f01217c71939f608ac58f156ab5a5.js is not in module cache!
2024-8-27 20:30:17-debug: /Users/ruoyan/Desktop/WorkSpace/cairo-provable-game/packages/cocos/temp/programming/packer-driver/targets/editor/chunks/b5/b5a1aec23c2cefb527cbf78596a9ef36f29b9d02.js resolved to /Users/ruoyan/Desktop/WorkSpace/cairo-provable-game/packages/cocos/temp/programming/packer-driver/targets/editor/chunks/b5/b5a1aec23c2cefb527cbf78596a9ef36f29b9d02.js is not in module cache!
2024-8-27 20:30:17-debug: /Users/ruoyan/Desktop/WorkSpace/cairo-provable-game/packages/cocos/temp/programming/packer-driver/targets/editor/chunks/db/db5babd4d33197622c12a30ba27042af1e907558.js resolved to /Users/ruoyan/Desktop/WorkSpace/cairo-provable-game/packages/cocos/temp/programming/packer-driver/targets/editor/chunks/db/db5babd4d33197622c12a30ba27042af1e907558.js is not in module cache!
2024-8-27 20:30:17-debug: /Users/ruoyan/Desktop/WorkSpace/cairo-provable-game/packages/cocos/temp/programming/packer-driver/targets/editor/chunks/dc/dc83d8aaad3e6f3ee3598bee1c92062161f1b0ac.js resolved to /Users/ruoyan/Desktop/WorkSpace/cairo-provable-game/packages/cocos/temp/programming/packer-driver/targets/editor/chunks/dc/dc83d8aaad3e6f3ee3598bee1c92062161f1b0ac.js is not in module cache!
2024-8-27 20:30:17-debug: /Users/ruoyan/Desktop/WorkSpace/cairo-provable-game/packages/cocos/temp/programming/packer-driver/targets/editor/chunks/3f/3fd3a6d3f6e7950c64988bf5ef016a4aa54f803b.js resolved to /Users/ruoyan/Desktop/WorkSpace/cairo-provable-game/packages/cocos/temp/programming/packer-driver/targets/editor/chunks/3f/3fd3a6d3f6e7950c64988bf5ef016a4aa54f803b.js is not in module cache!
2024-8-27 20:30:17-debug: /Users/ruoyan/Desktop/WorkSpace/cairo-provable-game/packages/cocos/temp/programming/packer-driver/targets/editor/chunks/10/106167f03e166e948495cedaae1da0d11cbcd874.js resolved to /Users/ruoyan/Desktop/WorkSpace/cairo-provable-game/packages/cocos/temp/programming/packer-driver/targets/editor/chunks/10/106167f03e166e948495cedaae1da0d11cbcd874.js is not in module cache!
2024-8-27 20:30:17-debug: /Users/ruoyan/Desktop/WorkSpace/cairo-provable-game/packages/cocos/temp/programming/packer-driver/targets/editor/chunks/e2/e235e5553089fb216061cbd2932641a6042bd95c.js resolved to /Users/ruoyan/Desktop/WorkSpace/cairo-provable-game/packages/cocos/temp/programming/packer-driver/targets/editor/chunks/e2/e235e5553089fb216061cbd2932641a6042bd95c.js is not in module cache!
2024-8-27 20:30:17-debug: /Users/ruoyan/Desktop/WorkSpace/cairo-provable-game/packages/cocos/temp/programming/packer-driver/targets/editor/chunks/1f/1f55673d3ec330e88486a7f4567abbb2a67c82a1.js resolved to /Users/ruoyan/Desktop/WorkSpace/cairo-provable-game/packages/cocos/temp/programming/packer-driver/targets/editor/chunks/1f/1f55673d3ec330e88486a7f4567abbb2a67c82a1.js is not in module cache!
2024-8-27 20:30:17-debug: /Users/ruoyan/Desktop/WorkSpace/cairo-provable-game/packages/cocos/temp/programming/packer-driver/targets/editor/chunks/be/beeb333c39678dd1154c13523480c466a3104b6d.js resolved to /Users/ruoyan/Desktop/WorkSpace/cairo-provable-game/packages/cocos/temp/programming/packer-driver/targets/editor/chunks/be/beeb333c39678dd1154c13523480c466a3104b6d.js is not in module cache!
2024-8-27 20:30:17-debug: /Users/ruoyan/Desktop/WorkSpace/cairo-provable-game/packages/cocos/temp/programming/packer-driver/targets/editor/chunks/78/78fd04ef50c84bd8feea5b6d2e25c1e64ab1f5c9.js resolved to /Users/ruoyan/Desktop/WorkSpace/cairo-provable-game/packages/cocos/temp/programming/packer-driver/targets/editor/chunks/78/78fd04ef50c84bd8feea5b6d2e25c1e64ab1f5c9.js is not in module cache!
2024-8-27 20:30:17-debug: /Users/ruoyan/Desktop/WorkSpace/cairo-provable-game/packages/cocos/temp/programming/packer-driver/targets/editor/chunks/34/34813afdd6f1dcf3053f74e5415225efd7e4100a.js resolved to /Users/ruoyan/Desktop/WorkSpace/cairo-provable-game/packages/cocos/temp/programming/packer-driver/targets/editor/chunks/34/34813afdd6f1dcf3053f74e5415225efd7e4100a.js is not in module cache!
2024-8-27 20:30:17-debug: /Users/ruoyan/Desktop/WorkSpace/cairo-provable-game/packages/cocos/temp/programming/packer-driver/targets/editor/chunks/46/462a336f54e7c4f0bd6ef7a1ba8ef1e941fd4086.js resolved to /Users/ruoyan/Desktop/WorkSpace/cairo-provable-game/packages/cocos/temp/programming/packer-driver/targets/editor/chunks/46/462a336f54e7c4f0bd6ef7a1ba8ef1e941fd4086.js is not in module cache!
2024-8-27 20:30:17-debug: /Users/ruoyan/Desktop/WorkSpace/cairo-provable-game/packages/cocos/temp/programming/packer-driver/targets/editor/chunks/22/2264a2a9aa541d967e18ce6076e6883652f623f5.js resolved to /Users/ruoyan/Desktop/WorkSpace/cairo-provable-game/packages/cocos/temp/programming/packer-driver/targets/editor/chunks/22/2264a2a9aa541d967e18ce6076e6883652f623f5.js is not in module cache!
2024-8-27 20:30:17-debug: /Users/ruoyan/Desktop/WorkSpace/cairo-provable-game/packages/cocos/temp/programming/packer-driver/targets/editor/chunks/f9/f97e9c292f14f0fc423142ce217b68621e57f6c5.js resolved to /Users/ruoyan/Desktop/WorkSpace/cairo-provable-game/packages/cocos/temp/programming/packer-driver/targets/editor/chunks/f9/f97e9c292f14f0fc423142ce217b68621e57f6c5.js is not in module cache!
2024-8-27 20:30:17-debug: /Users/ruoyan/Desktop/WorkSpace/cairo-provable-game/packages/cocos/temp/programming/packer-driver/targets/editor/chunks/fa/fa117015e1c28e1463c4a9469c46a48bc270558c.js resolved to /Users/ruoyan/Desktop/WorkSpace/cairo-provable-game/packages/cocos/temp/programming/packer-driver/targets/editor/chunks/fa/fa117015e1c28e1463c4a9469c46a48bc270558c.js is not in module cache!
2024-8-27 20:30:17-debug: /Users/ruoyan/Desktop/WorkSpace/cairo-provable-game/packages/cocos/temp/programming/packer-driver/targets/editor/chunks/2c/2cbe924d55d3eca02b1606501a87168812c50ede.js resolved to /Users/ruoyan/Desktop/WorkSpace/cairo-provable-game/packages/cocos/temp/programming/packer-driver/targets/editor/chunks/2c/2cbe924d55d3eca02b1606501a87168812c50ede.js is not in module cache!
2024-8-27 20:30:17-debug: /Users/ruoyan/Desktop/WorkSpace/cairo-provable-game/packages/cocos/temp/programming/packer-driver/targets/editor/chunks/c4/c45627cd301bfdd1a2065efd03191e201451360c.js resolved to /Users/ruoyan/Desktop/WorkSpace/cairo-provable-game/packages/cocos/temp/programming/packer-driver/targets/editor/chunks/c4/c45627cd301bfdd1a2065efd03191e201451360c.js is not in module cache!
2024-8-27 20:30:17-debug: /Users/ruoyan/Desktop/WorkSpace/cairo-provable-game/packages/cocos/temp/programming/packer-driver/targets/editor/chunks/b4/b4f24207e88e6ab7598865cf14243617c689e5f2.js resolved to /Users/ruoyan/Desktop/WorkSpace/cairo-provable-game/packages/cocos/temp/programming/packer-driver/targets/editor/chunks/b4/b4f24207e88e6ab7598865cf14243617c689e5f2.js is not in module cache!
2024-8-27 20:30:17-debug: /Users/ruoyan/Desktop/WorkSpace/cairo-provable-game/packages/cocos/temp/programming/packer-driver/targets/editor/chunks/49/494f5cd33b87b141ca39a73ee73b31a9d74e1f1f.js resolved to /Users/ruoyan/Desktop/WorkSpace/cairo-provable-game/packages/cocos/temp/programming/packer-driver/targets/editor/chunks/49/494f5cd33b87b141ca39a73ee73b31a9d74e1f1f.js is not in module cache!
2024-8-27 20:30:17-debug: [[Executor]] Module "pack:///chunks/f9/f97e9c292f14f0fc423142ce217b68621e57f6c5.js" loaded.
2024-8-27 20:30:17-debug: [[Executor]] Module "pack:///chunks/b5/b5a1aec23c2cefb527cbf78596a9ef36f29b9d02.js" loaded.
2024-8-27 20:30:17-debug: [[Executor]] Module "pack:///chunks/3f/3fd3a6d3f6e7950c64988bf5ef016a4aa54f803b.js" loaded.
2024-8-27 20:30:17-debug: [[Executor]] Module "pack:///chunks/dc/dc83d8aaad3e6f3ee3598bee1c92062161f1b0ac.js" loaded.
2024-8-27 20:30:17-debug: [[Executor]] Module "pack:///chunks/22/2264a2a9aa541d967e18ce6076e6883652f623f5.js" loaded.
2024-8-27 20:30:17-debug: [[Executor]] Module "pack:///chunks/1f/1f55673d3ec330e88486a7f4567abbb2a67c82a1.js" loaded.
2024-8-27 20:30:17-debug: [[Executor]] Register HolLoadMessage
2024-8-27 20:30:17-debug: [[Executor]] Module "pack:///chunks/b4/b4f24207e88e6ab7598865cf14243617c689e5f2.js" loaded.
2024-8-27 20:30:17-debug: [[Executor]] Module "pack:///chunks/be/beeb333c39678dd1154c13523480c466a3104b6d.js" loaded.
2024-8-27 20:30:17-debug: [[Executor]] Module "pack:///chunks/fa/fa117015e1c28e1463c4a9469c46a48bc270558c.js" loaded.
2024-8-27 20:30:17-debug: [[Executor]] Module "pack:///chunks/10/106167f03e166e948495cedaae1da0d11cbcd874.js" loaded.
2024-8-27 20:30:17-debug: [[Executor]] Register HolPromptMessage
2024-8-27 20:30:17-debug: [[Executor]] Module "pack:///chunks/c4/c45627cd301bfdd1a2065efd03191e201451360c.js" loaded.
2024-8-27 20:30:17-debug: [[Executor]] Module "pack:///chunks/e2/e235e5553089fb216061cbd2932641a6042bd95c.js" loaded.
2024-8-27 20:30:17-debug: [[Executor]] Module "pack:///chunks/78/78fd04ef50c84bd8feea5b6d2e25c1e64ab1f5c9.js" loaded.
2024-8-27 20:30:17-debug: [[Executor]] Register HolIntroduceMessage
2024-8-27 20:30:17-debug: [[Executor]] Module "pack:///chunks/2c/2cbe924d55d3eca02b1606501a87168812c50ede.js" loaded.
2024-8-27 20:30:17-debug: [[Executor]] Module "pack:///chunks/34/34813afdd6f1dcf3053f74e5415225efd7e4100a.js" loaded.
2024-8-27 20:30:17-debug: [[Executor]] Module "pack:///chunks/46/462a336f54e7c4f0bd6ef7a1ba8ef1e941fd4086.js" loaded.
2024-8-27 20:30:17-debug: [[Executor]] Module "pack:///chunks/3c/3c7358834054f73d76773dd591e372a4bc41291a.js" loaded.
2024-8-27 20:30:17-debug: [[Executor]] Register HolAnimation
2024-8-27 20:30:17-debug: [[Executor]] Module "pack:///chunks/d7/d7702166833f01217c71939f608ac58f156ab5a5.js" loaded.
2024-8-27 20:30:17-debug: [[Executor]] Register HolNumber
2024-8-27 20:30:17-debug: [[Executor]] Module "pack:///chunks/db/db5babd4d33197622c12a30ba27042af1e907558.js" loaded.
2024-8-27 20:30:17-debug: [[Executor]] Register HolConfirmMessage
2024-8-27 20:30:17-debug: [[Executor]] Module "pack:///chunks/5c/5ce0b4698145368424e1d8e9f0c4416b857fff79.js" loaded.
2024-8-27 20:30:17-debug: [[Executor]] Module "pack:///chunks/c8/c87ebddd846d0f6213377454841d247fdfefc164.js" loaded.
2024-8-27 20:30:17-debug: [[Executor]] Register HolCharacter
2024-8-27 20:30:17-debug: [[Executor]] Module "pack:///chunks/49/494f5cd33b87b141ca39a73ee73b31a9d74e1f1f.js" loaded.
2024-8-27 20:30:17-debug: [[Executor]] Module "pack:///chunks/dd/dd656485191c201eea4a6d0f6560eab89ea17d9f.js" loaded.
2024-8-27 20:30:17-debug: /Users/ruoyan/Desktop/WorkSpace/cairo-provable-game/packages/cocos/temp/programming/packer-driver/targets/editor/chunks/dd/dd656485191c201eea4a6d0f6560eab89ea17d9f.js resolved to /Users/ruoyan/Desktop/WorkSpace/cairo-provable-game/packages/cocos/temp/programming/packer-driver/targets/editor/chunks/dd/dd656485191c201eea4a6d0f6560eab89ea17d9f.js is not in module cache!
2024-8-27 20:30:17-debug: /Users/ruoyan/Desktop/WorkSpace/cairo-provable-game/packages/cocos/temp/programming/packer-driver/targets/editor/chunks/7c/7c938134ce32cacad82d7f7ea0035d8f234810d8.js resolved to /Users/ruoyan/Desktop/WorkSpace/cairo-provable-game/packages/cocos/temp/programming/packer-driver/targets/editor/chunks/7c/7c938134ce32cacad82d7f7ea0035d8f234810d8.js is not in module cache!
2024-8-27 20:30:17-debug: [[Executor]] Module "pack:///chunks/7c/7c938134ce32cacad82d7f7ea0035d8f234810d8.js" loaded.
2024-8-27 20:30:17-debug: /Users/ruoyan/Desktop/WorkSpace/cairo-provable-game/packages/cocos/temp/programming/packer-driver/targets/editor/chunks/66/66817452382d922ecdf00135f1e7b55a38c75800.js resolved to /Users/ruoyan/Desktop/WorkSpace/cairo-provable-game/packages/cocos/temp/programming/packer-driver/targets/editor/chunks/66/66817452382d922ecdf00135f1e7b55a38c75800.js is not in module cache!
2024-8-27 20:30:17-debug: [[Executor]] Module "pack:///chunks/66/66817452382d922ecdf00135f1e7b55a38c75800.js" loaded.
2024-8-27 20:30:17-debug: /Users/ruoyan/Desktop/WorkSpace/cairo-provable-game/packages/cocos/temp/programming/packer-driver/targets/editor/chunks/ab/abdbed544e0c99f4ce5e866b66c2e414e5b8c42c.js resolved to /Users/ruoyan/Desktop/WorkSpace/cairo-provable-game/packages/cocos/temp/programming/packer-driver/targets/editor/chunks/ab/abdbed544e0c99f4ce5e866b66c2e414e5b8c42c.js is not in module cache!
2024-8-27 20:30:17-debug: [[Executor]] Module "pack:///chunks/ab/abdbed544e0c99f4ce5e866b66c2e414e5b8c42c.js" loaded.
2024-8-27 20:30:17-debug: /Users/ruoyan/Desktop/WorkSpace/cairo-provable-game/packages/cocos/temp/programming/packer-driver/targets/editor/chunks/03/038c736669b0d8c87d78213c853fac0ea2a0e8ca.js resolved to /Users/ruoyan/Desktop/WorkSpace/cairo-provable-game/packages/cocos/temp/programming/packer-driver/targets/editor/chunks/03/038c736669b0d8c87d78213c853fac0ea2a0e8ca.js is not in module cache!
2024-8-27 20:30:17-debug: [[Executor]] Module "pack:///chunks/03/038c736669b0d8c87d78213c853fac0ea2a0e8ca.js" loaded.
2024-8-27 20:30:17-debug: /Users/ruoyan/Desktop/WorkSpace/cairo-provable-game/packages/cocos/temp/programming/packer-driver/targets/editor/chunks/bc/bcc60aed7ffbc3cbd0feacbd405ddebfa60c8e93.js resolved to /Users/ruoyan/Desktop/WorkSpace/cairo-provable-game/packages/cocos/temp/programming/packer-driver/targets/editor/chunks/bc/bcc60aed7ffbc3cbd0feacbd405ddebfa60c8e93.js is not in module cache!
2024-8-27 20:30:17-debug: [[Executor]] Module "pack:///chunks/bc/bcc60aed7ffbc3cbd0feacbd405ddebfa60c8e93.js" loaded.
2024-8-27 20:30:17-debug: /Users/ruoyan/Desktop/WorkSpace/cairo-provable-game/packages/cocos/temp/programming/packer-driver/targets/editor/chunks/21/215bfd4069aa56a1169b5f3125aff27f14f534fc.js resolved to /Users/ruoyan/Desktop/WorkSpace/cairo-provable-game/packages/cocos/temp/programming/packer-driver/targets/editor/chunks/21/215bfd4069aa56a1169b5f3125aff27f14f534fc.js is not in module cache!
2024-8-27 20:30:17-debug: [[Executor]] Module "pack:///chunks/21/215bfd4069aa56a1169b5f3125aff27f14f534fc.js" loaded.
2024-8-27 20:30:17-debug: /Users/ruoyan/Desktop/WorkSpace/cairo-provable-game/packages/cocos/temp/programming/packer-driver/targets/editor/chunks/e0/e00902a95a242725894733340f6bb6cbb0d16bfb.js resolved to /Users/ruoyan/Desktop/WorkSpace/cairo-provable-game/packages/cocos/temp/programming/packer-driver/targets/editor/chunks/e0/e00902a95a242725894733340f6bb6cbb0d16bfb.js is not in module cache!
2024-8-27 20:30:17-debug: [[Executor]] Module "pack:///chunks/e0/e00902a95a242725894733340f6bb6cbb0d16bfb.js" loaded.
2024-8-27 20:30:17-debug: [[Executor]] Module "pack:///chunks/06/0609e5bb6ea9ea553b969d8a0ecdb5c8eb6c108e.js" loaded.
2024-8-27 20:30:17-debug: /Users/ruoyan/Desktop/WorkSpace/cairo-provable-game/packages/cocos/temp/programming/packer-driver/targets/editor/chunks/06/0609e5bb6ea9ea553b969d8a0ecdb5c8eb6c108e.js resolved to /Users/ruoyan/Desktop/WorkSpace/cairo-provable-game/packages/cocos/temp/programming/packer-driver/targets/editor/chunks/06/0609e5bb6ea9ea553b969d8a0ecdb5c8eb6c108e.js is not in module cache!
2024-8-27 20:30:17-debug: [[Executor]] Register HolCharacterAvatar
2024-8-27 20:30:17-debug: /Users/ruoyan/Desktop/WorkSpace/cairo-provable-game/packages/cocos/temp/programming/packer-driver/targets/editor/chunks/7e/7e5b22f1eec64bfbfb39a8fc553af3c717089484.js resolved to /Users/ruoyan/Desktop/WorkSpace/cairo-provable-game/packages/cocos/temp/programming/packer-driver/targets/editor/chunks/7e/7e5b22f1eec64bfbfb39a8fc553af3c717089484.js is not in module cache!
2024-8-27 20:30:17-debug: [[Executor]] Module "pack:///chunks/7e/7e5b22f1eec64bfbfb39a8fc553af3c717089484.js" loaded.
2024-8-27 20:30:17-debug: [[Executor]] Register HolCharactersQueue
2024-8-27 20:30:17-debug: [[Executor]] Module "pack:///chunks/8d/8df69680a933b2d46bad55f5a656ed4f9947cfc0.js" loaded.
2024-8-27 20:30:17-debug: /Users/ruoyan/Desktop/WorkSpace/cairo-provable-game/packages/cocos/temp/programming/packer-driver/targets/editor/chunks/8d/8df69680a933b2d46bad55f5a656ed4f9947cfc0.js resolved to /Users/ruoyan/Desktop/WorkSpace/cairo-provable-game/packages/cocos/temp/programming/packer-driver/targets/editor/chunks/8d/8df69680a933b2d46bad55f5a656ed4f9947cfc0.js is not in module cache!
2024-8-27 20:30:17-debug: /Users/ruoyan/Desktop/WorkSpace/cairo-provable-game/packages/cocos/temp/programming/packer-driver/targets/editor/chunks/d7/d73ebf1793112d7b16156d2b48ba2235a786f9c2.js resolved to /Users/ruoyan/Desktop/WorkSpace/cairo-provable-game/packages/cocos/temp/programming/packer-driver/targets/editor/chunks/d7/d73ebf1793112d7b16156d2b48ba2235a786f9c2.js is not in module cache!
2024-8-27 20:30:17-debug: [[Executor]] Module "pack:///chunks/d7/d73ebf1793112d7b16156d2b48ba2235a786f9c2.js" loaded.
2024-8-27 20:30:17-debug: [[Executor]] Register HolNumberAddReduce
2024-8-27 20:30:17-debug: /Users/ruoyan/Desktop/WorkSpace/cairo-provable-game/packages/cocos/temp/programming/packer-driver/targets/editor/chunks/6c/6c993e4b0a5d181940c91f3346116de0e793d5ba.js resolved to /Users/ruoyan/Desktop/WorkSpace/cairo-provable-game/packages/cocos/temp/programming/packer-driver/targets/editor/chunks/6c/6c993e4b0a5d181940c91f3346116de0e793d5ba.js is not in module cache!
2024-8-27 20:30:17-debug: [[Executor]] Module "pack:///chunks/6c/6c993e4b0a5d181940c91f3346116de0e793d5ba.js" loaded.
2024-8-27 20:30:17-debug: [[Executor]] Register HolPreLoad
2024-8-27 20:30:17-debug: [[Executor]] Register HolUserResource
2024-8-27 20:30:17-debug: [[Executor]] Module "pack:///chunks/a4/a475742b3432d8266358cc552be6b6cb35dde29d.js" loaded.
2024-8-27 20:30:17-debug: /Users/ruoyan/Desktop/WorkSpace/cairo-provable-game/packages/cocos/temp/programming/packer-driver/targets/editor/chunks/a4/a475742b3432d8266358cc552be6b6cb35dde29d.js resolved to /Users/ruoyan/Desktop/WorkSpace/cairo-provable-game/packages/cocos/temp/programming/packer-driver/targets/editor/chunks/a4/a475742b3432d8266358cc552be6b6cb35dde29d.js is not in module cache!
2024-8-27 20:30:17-debug: /Users/ruoyan/Desktop/WorkSpace/cairo-provable-game/packages/cocos/temp/programming/packer-driver/targets/editor/chunks/eb/eb363953dd3df854cc8c9f7e4ca7f6938fb84bca.js resolved to /Users/ruoyan/Desktop/WorkSpace/cairo-provable-game/packages/cocos/temp/programming/packer-driver/targets/editor/chunks/eb/eb363953dd3df854cc8c9f7e4ca7f6938fb84bca.js is not in module cache!
2024-8-27 20:30:17-debug: [[Executor]] Register CommonCanvas
2024-8-27 20:30:17-debug: [[Executor]] Module "pack:///chunks/eb/eb363953dd3df854cc8c9f7e4ca7f6938fb84bca.js" loaded.
2024-8-27 20:30:17-debug: /Users/ruoyan/Desktop/WorkSpace/cairo-provable-game/packages/cocos/temp/programming/packer-driver/targets/editor/chunks/af/afaa7e45bf4b9395074042c7f0853e868af1b98d.js resolved to /Users/ruoyan/Desktop/WorkSpace/cairo-provable-game/packages/cocos/temp/programming/packer-driver/targets/editor/chunks/af/afaa7e45bf4b9395074042c7f0853e868af1b98d.js is not in module cache!
2024-8-27 20:30:17-debug: [[Executor]] Module "pack:///chunks/af/afaa7e45bf4b9395074042c7f0853e868af1b98d.js" loaded.
2024-8-27 20:30:17-debug: [[Executor]] Register FightFailure
2024-8-27 20:30:17-debug: /Users/ruoyan/Desktop/WorkSpace/cairo-provable-game/packages/cocos/temp/programming/packer-driver/targets/editor/chunks/f9/f903e63b8250920f92ee3ec49082be737a463578.js resolved to /Users/ruoyan/Desktop/WorkSpace/cairo-provable-game/packages/cocos/temp/programming/packer-driver/targets/editor/chunks/f9/f903e63b8250920f92ee3ec49082be737a463578.js is not in module cache!
2024-8-27 20:30:17-debug: [[Executor]] Module "pack:///chunks/f9/f903e63b8250920f92ee3ec49082be737a463578.js" loaded.
2024-8-27 20:30:17-debug: [[Executor]] Register FightMap
2024-8-27 20:30:17-debug: /Users/ruoyan/Desktop/WorkSpace/cairo-provable-game/packages/cocos/temp/programming/packer-driver/targets/editor/chunks/61/618addf722c9a7d38ddf563b0bf18739e40b9ac7.js resolved to /Users/ruoyan/Desktop/WorkSpace/cairo-provable-game/packages/cocos/temp/programming/packer-driver/targets/editor/chunks/61/618addf722c9a7d38ddf563b0bf18739e40b9ac7.js is not in module cache!
2024-8-27 20:30:17-debug: [[Executor]] Register FightSuccess
2024-8-27 20:30:17-debug: [[Executor]] Module "pack:///chunks/61/618addf722c9a7d38ddf563b0bf18739e40b9ac7.js" loaded.
2024-8-27 20:30:17-debug: [[Executor]] Module "pack:///chunks/5f/5f26a682e6024ac99043b686292cd0c34b9442f4.js" loaded.
2024-8-27 20:30:17-debug: /Users/ruoyan/Desktop/WorkSpace/cairo-provable-game/packages/cocos/temp/programming/packer-driver/targets/editor/chunks/5f/5f26a682e6024ac99043b686292cd0c34b9442f4.js resolved to /Users/ruoyan/Desktop/WorkSpace/cairo-provable-game/packages/cocos/temp/programming/packer-driver/targets/editor/chunks/5f/5f26a682e6024ac99043b686292cd0c34b9442f4.js is not in module cache!
2024-8-27 20:30:17-debug: [[Executor]] Register FightUi
2024-8-27 20:30:17-debug: /Users/ruoyan/Desktop/WorkSpace/cairo-provable-game/packages/cocos/temp/programming/packer-driver/targets/editor/chunks/99/9943af5ccd89cbece0bc9a16e64e477069611ed2.js resolved to /Users/ruoyan/Desktop/WorkSpace/cairo-provable-game/packages/cocos/temp/programming/packer-driver/targets/editor/chunks/99/9943af5ccd89cbece0bc9a16e64e477069611ed2.js is not in module cache!
2024-8-27 20:30:17-debug: [[Executor]] Module "pack:///chunks/99/9943af5ccd89cbece0bc9a16e64e477069611ed2.js" loaded.
2024-8-27 20:30:17-debug: [[Executor]] Register FightCanvas
2024-8-27 20:30:17-debug: /Users/ruoyan/Desktop/WorkSpace/cairo-provable-game/packages/cocos/temp/programming/packer-driver/targets/editor/chunks/a3/a33356131256bb8b26807bcd0f32ce0eec47a58a.js resolved to /Users/ruoyan/Desktop/WorkSpace/cairo-provable-game/packages/cocos/temp/programming/packer-driver/targets/editor/chunks/a3/a33356131256bb8b26807bcd0f32ce0eec47a58a.js is not in module cache!
2024-8-27 20:30:17-debug: [[Executor]] Register HeroCharacterDetailPorperty
2024-8-27 20:30:17-debug: [[Executor]] Module "pack:///chunks/a3/a33356131256bb8b26807bcd0f32ce0eec47a58a.js" loaded.
2024-8-27 20:30:17-debug: /Users/ruoyan/Desktop/WorkSpace/cairo-provable-game/packages/cocos/temp/programming/packer-driver/targets/editor/chunks/f2/f279c8ed4c480d33d9a9de94894660ff67d2e691.js resolved to /Users/ruoyan/Desktop/WorkSpace/cairo-provable-game/packages/cocos/temp/programming/packer-driver/targets/editor/chunks/f2/f279c8ed4c480d33d9a9de94894660ff67d2e691.js is not in module cache!
2024-8-27 20:30:17-debug: [[Executor]] Register HeroCharacterDetail
2024-8-27 20:30:17-debug: [[Executor]] Module "pack:///chunks/0c/0c121c428da109119f2e4826f6decc20271a5933.js" loaded.
2024-8-27 20:30:17-debug: [[Executor]] Register HeroAllHeros
2024-8-27 20:30:17-debug: [[Executor]] Module "pack:///chunks/f2/f279c8ed4c480d33d9a9de94894660ff67d2e691.js" loaded.
2024-8-27 20:30:17-debug: /Users/ruoyan/Desktop/WorkSpace/cairo-provable-game/packages/cocos/temp/programming/packer-driver/targets/editor/chunks/0c/0c121c428da109119f2e4826f6decc20271a5933.js resolved to /Users/ruoyan/Desktop/WorkSpace/cairo-provable-game/packages/cocos/temp/programming/packer-driver/targets/editor/chunks/0c/0c121c428da109119f2e4826f6decc20271a5933.js is not in module cache!
2024-8-27 20:30:17-debug: [[Executor]] Module "pack:///chunks/f2/f200af5ed603b30c850fadc568185719f98514ba.js" loaded.
2024-8-27 20:30:17-debug: /Users/ruoyan/Desktop/WorkSpace/cairo-provable-game/packages/cocos/temp/programming/packer-driver/targets/editor/chunks/f2/f200af5ed603b30c850fadc568185719f98514ba.js resolved to /Users/ruoyan/Desktop/WorkSpace/cairo-provable-game/packages/cocos/temp/programming/packer-driver/targets/editor/chunks/f2/f200af5ed603b30c850fadc568185719f98514ba.js is not in module cache!
2024-8-27 20:30:17-debug: [[Executor]] Register HeroUi
2024-8-27 20:30:17-debug: /Users/ruoyan/Desktop/WorkSpace/cairo-provable-game/packages/cocos/temp/programming/packer-driver/targets/editor/chunks/df/df4d9cf574fb90fae0e4d42e567111bf0be580b2.js resolved to /Users/ruoyan/Desktop/WorkSpace/cairo-provable-game/packages/cocos/temp/programming/packer-driver/targets/editor/chunks/df/df4d9cf574fb90fae0e4d42e567111bf0be580b2.js is not in module cache!
2024-8-27 20:30:17-debug: [[Executor]] Register HeroCanvas
2024-8-27 20:30:17-debug: [[Executor]] Module "pack:///chunks/df/df4d9cf574fb90fae0e4d42e567111bf0be580b2.js" loaded.
2024-8-27 20:30:17-debug: /Users/ruoyan/Desktop/WorkSpace/cairo-provable-game/packages/cocos/temp/programming/packer-driver/targets/editor/chunks/c9/c97e7b3160dc54a81f10d7f7c92b7cd54f33a8c0.js resolved to /Users/ruoyan/Desktop/WorkSpace/cairo-provable-game/packages/cocos/temp/programming/packer-driver/targets/editor/chunks/c9/c97e7b3160dc54a81f10d7f7c92b7cd54f33a8c0.js is not in module cache!
2024-8-27 20:30:17-debug: [[Executor]] Module "pack:///chunks/c9/c97e7b3160dc54a81f10d7f7c92b7cd54f33a8c0.js" loaded.
2024-8-27 20:30:17-debug: [[Executor]] Register HomeBuildings
2024-8-27 20:30:17-debug: [[Executor]] Module "pack:///chunks/0e/0e9ec6b06932273d0e5616299e493461cc4fc86d.js" loaded.
2024-8-27 20:30:17-debug: [[Executor]] Register HomeUi
2024-8-27 20:30:17-debug: /Users/ruoyan/Desktop/WorkSpace/cairo-provable-game/packages/cocos/temp/programming/packer-driver/targets/editor/chunks/0e/0e9ec6b06932273d0e5616299e493461cc4fc86d.js resolved to /Users/ruoyan/Desktop/WorkSpace/cairo-provable-game/packages/cocos/temp/programming/packer-driver/targets/editor/chunks/0e/0e9ec6b06932273d0e5616299e493461cc4fc86d.js is not in module cache!
2024-8-27 20:30:17-debug: [[Executor]] Register HomeCanvas
2024-8-27 20:30:17-debug: [[Executor]] Module "pack:///chunks/66/66a57391130588cb15ba7df27ffbebdeca81b25d.js" loaded.
2024-8-27 20:30:17-debug: /Users/ruoyan/Desktop/WorkSpace/cairo-provable-game/packages/cocos/temp/programming/packer-driver/targets/editor/chunks/66/66a57391130588cb15ba7df27ffbebdeca81b25d.js resolved to /Users/ruoyan/Desktop/WorkSpace/cairo-provable-game/packages/cocos/temp/programming/packer-driver/targets/editor/chunks/66/66a57391130588cb15ba7df27ffbebdeca81b25d.js is not in module cache!
2024-8-27 20:30:17-debug: [[Executor]] Module "pack:///chunks/09/0972a0f13f2921efc845aa10fe551751ad9e7e82.js" loaded.
2024-8-27 20:30:17-debug: [[Executor]] Register PreloadCanvas
2024-8-27 20:30:17-debug: /Users/ruoyan/Desktop/WorkSpace/cairo-provable-game/packages/cocos/temp/programming/packer-driver/targets/editor/chunks/8e/8e944596e9c3cd2e9ef4b04c62618bf900a86b34.js resolved to /Users/ruoyan/Desktop/WorkSpace/cairo-provable-game/packages/cocos/temp/programming/packer-driver/targets/editor/chunks/8e/8e944596e9c3cd2e9ef4b04c62618bf900a86b34.js is not in module cache!
2024-8-27 20:30:17-debug: [[Executor]] Module "pack:///chunks/8e/8e944596e9c3cd2e9ef4b04c62618bf900a86b34.js" loaded.
2024-8-27 20:30:17-groupEnd: Imports all modules
2024-8-27 20:30:17-debug: run build task Reload project scripts success in 54 ms √6%
2024-8-27 20:30:17-debug: Query asset bundle start6%
2024-8-27 20:30:17-debug: // ---- build task Query asset bundle ----
2024-8-27 20:30:17-debug: Process: heapTotal 248.34MB heapUsed 223.71MB rss 342.70MB
2024-8-27 20:30:17-debug: // ---- build task Reload project scripts ---- (54ms)
2024-8-27 20:30:17-debug: Query and organize assets start7%
2024-8-27 20:30:17-debug: // ---- build task Query and organize assets ----
2024-8-27 20:30:17-debug: Process: heapTotal 248.59MB heapUsed 220.95MB rss 342.95MB
2024-8-27 20:30:17-debug: init bundle assets
2024-8-27 20:30:17-debug: run build task Query asset bundle success in 9 ms √7%
2024-8-27 20:30:17-debug: // ---- build task Query asset bundle ---- (9ms)
2024-8-27 20:30:17-debug: Query preload assets from cc.config.json: 60f7195c-ec2a-45eb-ba94-8955f60e81d0,1c02ae6f-4492-4915-b8f8-7492a3b1e4cd,810e96e4-e456-4468-9b59-f4e8f39732c0,efe8e2a3-eace-427b-b4f1-cb8a937ec77d,e9aa9a3e-5b2b-4ac7-a2c7-073de2b2b24f,8bbdbcdd-5cd4-4100-b6d5-b7c9625b6107,50f4348b-c883-4e2f-8f11-ce233b859fa1,fda095cb-831d-4601-ad94-846013963de8,f92806d7-1768-443f-afe8-12bcde84d0f0,dd3a144d-ab7f-41f0-82b8-2e43a090d496,f0416e68-0200-4b77-a926-4f9d16e494da,ff9be190-20a4-4e48-b68c-76e3c7cff085,970b0598-bcb0-4714-91fb-2e81440dccd8,bcd64cc6-2dd9-43f6-abbe-66318d332032,d930590d-bb92-4cc8-8bd1-23cd027f9edf,a3cd009f-0ab0-420d-9278-b9fdab939bbc,9361fd90-ba52-4f84-aa93-6e878fd576ca,c27215d8-6835-4b68-bfbb-bdeac6100c04,b5d6115f-0370-4d7c-aad3-c194cc71cf98,871c3b6c-7379-419d-bda3-794b239ab90d
2024-8-27 20:30:17-debug: Number of scenes: 4
2024-8-27 20:30:17-debug: Start sort share asset in bundle internal with assets 20}
2024-8-27 20:30:17-debug: Start sort share asset in bundle resources with assets 316}
2024-8-27 20:30:17-debug: Start sort share asset in bundle
2024-8-27 20:30:17-debug: Start sort share asset in bundle main with assets 6}
2024-8-27 20:30:17-debug: Number of asset bundle: 3
2024-8-27 20:30:17-warn: The SpriteFrame used by component "cc.Button" in scene "Home" is missing. Detailed information:Node path: "Canvas/Buildings/Courage"Asset url: "db://assets/scenes/Home"Missing uuid: "68ac9b6a-a75e-49d7-8412-3df278cf4f20@f9941"
2024-8-27 20:30:17-debug: Number of assets: 357
2024-8-27 20:30:17-debug: Organize scripts start8%
2024-8-27 20:30:17-debug: // ---- build task Organize scripts ----
2024-8-27 20:30:17-debug: Process: heapTotal 248.89MB heapUsed 225.26MB rss 347.08MB
2024-8-27 20:30:17-debug: sort script group...
2024-8-27 20:30:17-debug: run build task Query and organize assets success in 24 ms √8%
2024-8-27 20:30:17-debug: // ---- build task Query and organize assets ---- (24ms)
2024-8-27 20:30:17-debug: Organize texture compression tasks start9%
2024-8-27 20:30:17-debug: // ---- build task Organize texture compression tasks ----
2024-8-27 20:30:17-debug: run build task Organize scripts success in 0 ms √9%
2024-8-27 20:30:17-debug: Process: heapTotal 248.89MB heapUsed 225.33MB rss 347.09MB
2024-8-27 20:30:17-debug: Number of image-compress task: 0
2024-8-27 20:30:17-debug: // ---- build task Organize texture compression tasks ---- (3ms)
2024-8-27 20:30:17-debug: run build task Organize texture compression tasks success in 3 ms √11%
2024-8-27 20:30:17-debug: Group json start11%
2024-8-27 20:30:17-debug: Number of json group with bundle(internal): 1
2024-8-27 20:30:17-debug: Start sort the json group of bundle(resources)...
2024-8-27 20:30:17-debug: Number of json group with bundle(resources) 102
2024-8-27 20:30:17-debug: Start sort the json group of bundle(main)...
2024-8-27 20:30:17-debug: Number of json group with bundle(main) 0
2024-8-27 20:30:17-debug: Number of json group: 102
2024-8-27 20:30:17-debug: Process: heapTotal 248.89MB heapUsed 225.58MB rss 347.09MB
2024-8-27 20:30:17-debug: // ---- build task Group json ----
2024-8-27 20:30:17-debug: Merging Texture2D json start12%
2024-8-27 20:30:17-debug: // ---- build task Group json ---- (1ms)
2024-8-27 20:30:17-debug: Process: heapTotal 248.89MB heapUsed 226.37MB rss 347.09MB
2024-8-27 20:30:17-debug: run build task Group json success in 1 ms √12%
2024-8-27 20:30:17-debug: // ---- build task Merging Texture2D json ----
2024-8-27 20:30:17-debug: Sort import-map.json start13%
2024-8-27 20:30:17-debug: // ---- build task Sort import-map.json ----
2024-8-27 20:30:17-debug: Process: heapTotal 248.89MB heapUsed 226.62MB rss 347.80MB
2024-8-27 20:30:17-debug: run build task Merging Texture2D json success in 2 ms √13%
2024-8-27 20:30:17-debug: // ---- build task Merging Texture2D json ---- (2ms)
2024-8-27 20:30:17-debug: web-desktop:(onBeforeBuildAssets) start...14%
2024-8-27 20:30:17-debug: // ---- build task web-desktop：onBeforeBuildAssets ----
2024-8-27 20:30:17-debug: Process: heapTotal 248.89MB heapUsed 226.69MB rss 347.80MB
2024-8-27 20:30:17-debug: // ---- build task Sort import-map.json ---- (1ms)
2024-8-27 20:30:17-debug: run build task Sort import-map.json success in 1 ms √14%
2024-8-27 20:30:17-debug: Build auto-atlas start17%
2024-8-27 20:30:17-debug: // ---- build task Build auto-atlas ----
2024-8-27 20:30:17-debug: // ---- build task web-desktop：onBeforeBuildAssets ---- (1ms)
2024-8-27 20:30:17-debug: Start collect pack info from bundleds
2024-8-27 20:30:17-debug: Process: heapTotal 248.89MB heapUsed 226.76MB rss 347.80MB
2024-8-27 20:30:17-debug: web-desktop:(onBeforeBuildAssets) in 1 ms17%
2024-8-27 20:30:17-debug: run build task Build auto-atlas success in 0 ms √23%
2024-8-27 20:30:17-debug: Process: heapTotal 248.89MB heapUsed 226.83MB rss 347.81MB
2024-8-27 20:30:17-debug: Compress Image start23%
2024-8-27 20:30:17-debug: // ---- build task Compress Image ----
2024-8-27 20:30:17-debug: run build task Compress Image success in 0 ms √30%
2024-8-27 20:30:17-debug: Copy the resource start30%
2024-8-27 20:30:17-debug: // ---- build task Copy the resource ----
2024-8-27 20:30:17-debug: Process: heapTotal 248.89MB heapUsed 226.89MB rss 347.81MB
2024-8-27 20:30:17-group: Handle bundle internal
2024-8-27 20:30:17-groupEnd: Handle bundle internal
2024-8-27 20:30:17-group: Handle bundle resources
2024-8-27 20:30:17-debug: Asset Bundle(internal) handle assets: 20
2024-8-27 20:30:18-groupEnd: Handle bundle resources
2024-8-27 20:30:18-group: Handle bundle main
2024-8-27 20:30:18-debug: Asset Bundle(resources) handle assets: 331
2024-8-27 20:30:18-debug: Asset Bundle(main) handle assets: 52
2024-8-27 20:30:18-groupEnd: Handle bundle main
2024-8-27 20:30:18-warn: The SpriteFrame used by component "cc.Button" in scene "Home" is missing. Detailed information:Node path: "Canvas/Buildings/Courage"Asset url: "db://assets/scenes/Home"Missing uuid: "68ac9b6a-a75e-49d7-8412-3df278cf4f20@f9941"
2024-8-27 20:30:18-debug: run build task Copy the resource success in 80 ms √37%
2024-8-27 20:30:18-debug: Build the grouped json and scatter files to the specified location start37%
2024-8-27 20:30:18-debug: // ---- build task Build the grouped json and scatter files to the specified location ----
2024-8-27 20:30:18-debug: // ---- build task Copy the resource ---- (80ms)
2024-8-27 20:30:18-debug: Process: heapTotal 248.89MB heapUsed 226.28MB rss 322.78MB
2024-8-27 20:30:18-group: Build Json
2024-8-27 20:30:18-group: Handle all json groups in bundle internal
2024-8-27 20:30:18-group: handle json group
2024-8-27 20:30:18-groupEnd: handle json group
2024-8-27 20:30:18-groupEnd: Handle all json groups in bundle internal
2024-8-27 20:30:18-group: Handle all json groups in bundle resources
2024-8-27 20:30:18-group: handle json group
2024-8-27 20:30:18-group: handle single json
2024-8-27 20:30:18-groupEnd: handle single json
2024-8-27 20:30:18-debug: Json group(0846c28f0) compile success，json number: 6
2024-8-27 20:30:18-debug: Json group(03c25a7ca) compile success，json number: 6
2024-8-27 20:30:18-debug: Json group(052030e26) compile success，json number: 6
2024-8-27 20:30:18-debug: Json group(0f41b6488) compile success，json number: 6
2024-8-27 20:30:18-debug: Json group(0c7739200) compile success，json number: 6
2024-8-27 20:30:18-debug: Json group(0396a1cff) compile success，json number: 6
2024-8-27 20:30:18-debug: Json group(0df96360b) compile success，json number: 6
2024-8-27 20:30:18-debug: Json group(0dcb89db9) compile success，json number: 6
2024-8-27 20:30:18-debug: Json group(084293242) compile success，json number: 6
2024-8-27 20:30:18-debug: Json group(0d150aec5) compile success，json number: 6
2024-8-27 20:30:18-debug: Json group(0e79df6d9) compile success，json number: 6
2024-8-27 20:30:18-groupEnd: handle json group
2024-8-27 20:30:18-group: handle single json
2024-8-27 20:30:18-groupEnd: handle single json
2024-8-27 20:30:18-groupEnd: handle json group
2024-8-27 20:30:18-group: handle single json
2024-8-27 20:30:18-group: Handle all json groups in bundle main
2024-8-27 20:30:18-groupEnd: Handle all json groups in bundle resources
2024-8-27 20:30:18-group: handle json group
2024-8-27 20:30:18-warn: The SpriteFrame used by component "cc.Button" in scene "Home" is missing. Detailed information:Node path: "Canvas/Buildings/Courage"Asset url: "db://assets/scenes/Home"Missing uuid: "68ac9b6a-a75e-49d7-8412-3df278cf4f20@f9941"
2024-8-27 20:30:18-groupEnd: handle single json
2024-8-27 20:30:18-groupEnd: Handle all json groups in bundle main
2024-8-27 20:30:18-groupEnd: Build Json
2024-8-27 20:30:18-debug: run build task Build the grouped json and scatter files to the specified location success in 695 ms √43%
2024-8-27 20:30:18-debug: Build script start43%
2024-8-27 20:30:18-debug: // ---- build task Build script ----
2024-8-27 20:30:18-debug: Process: heapTotal 243.47MB heapUsed 208.62MB rss 443.08MB
2024-8-27 20:30:18-debug: // ---- build task Build the grouped json and scatter files to the specified location ---- (695ms)
2024-8-27 20:30:22-debug: Build project script start...43%
2024-8-27 20:30:22-debug: Process: heapTotal 298.38MB heapUsed 275.11MB rss 234.86MB
2024-8-27 20:30:22-log: Run build task(build-script) in child, see: chrome://inspect/#devices
2024-8-27 20:30:23-log: [build-script]enter sub process 80177, /Applications/Cocos/Creator/3.7.4/CocosCreator.app/Contents/Frameworks/CocosCreator Helper (Renderer).app/Contents/MacOS/CocosCreator Helper (Renderer),/Applications/Cocos/Creator/3.7.4/CocosCreator.app/Contents/Resources/app.asar/builtin/builder/static/sub-process-index
2024-8-27 20:30:26-warn: [build-script][[Build.Script.Rollup]] Circular dependency: file:///Users/ruoyan/Desktop/WorkSpace/cairo-provable-game/packages/cocos/assets/script/game/fight/character/CharacterMetaState.ts -> file:///Users/ruoyan/Desktop/WorkSpace/cairo-provable-game/packages/cocos/assets/script/prefab/HolCharacter.ts -> file:///Users/ruoyan/Desktop/WorkSpace/cairo-provable-game/packages/cocos/assets/script/game/fight/character/CharacterMetaState.ts[warning][[Build.Script.Rollup]] Circular dependency: file:///Users/ruoyan/Desktop/WorkSpace/cairo-provable-game/packages/cocos/assets/script/scenes/Hero/Canvas/HeroAllHeros.ts -> file:///Users/ruoyan/Desktop/WorkSpace/cairo-provable-game/packages/cocos/assets/script/scenes/Hero/Canvas/HeroCharacterDetail.ts -> file:///Users/ruoyan/Desktop/WorkSpace/cairo-provable-game/packages/cocos/assets/script/scenes/Hero/Canvas/HeroAllHeros.ts
2024-8-27 20:30:28-debug: Copy externalScripts success!
2024-8-27 20:30:28-debug: excute-script over with build-script 5316ms
2024-8-27 20:30:28-debug: Build project script in (5566 ms) √43%
2024-8-27 20:30:28-debug: Process: heapTotal 227.66MB heapUsed 216.21MB rss 325.98MB
2024-8-27 20:30:28-debug: Build engine start...43%
2024-8-27 20:30:28-debug: Use cache engine: {link(/var/folders/rt/b3brr46x6sb9d8d5dm5xwy_c0000gn/T/CocosCreator/3.7.4/builder/engine/e7916580f73bf8b564ecdd2b3a777942)}
2024-8-27 20:30:28-debug: {"debug":false,"sourceMaps":false,"includeModules":["2d","animation","audio","base","dragon-bones","gfx-webgl","gfx-webgl2","intersection-2d","light-probe","particle-2d","physics-2d-box2d","profiler","spine","tiled-map","tween","ui","video","websocket","webview"],"engineVersion":"3.7.4","platform":"HTML5","md5Map":[],"engineName":"cocos-js","useCache":true,"ammoJsWasm":"fallback","assetURLFormat":"runtime-resolved","flags":{"DEBUG":false,"WEBGPU":false},"entry":"/Applications/Cocos/Creator/3.7.4/CocosCreator.app/Contents/Resources/resources/3d/engine"}
2024-8-27 20:30:28-debug: Build engine in (45 ms) √43%
2024-8-27 20:30:28-debug: // ---- build task Compress zip bundle ----
2024-8-27 20:30:28-debug: Process: heapTotal 228.66MB heapUsed 217.35MB rss 328.20MB
2024-8-27 20:30:28-debug: run build task Build script success in 9595 ms √50%
2024-8-27 20:30:28-debug: Compress zip bundle start50%
2024-8-27 20:30:28-debug: // ---- build task Build script ---- (9595ms)
2024-8-27 20:30:28-debug: run build task Compress zip bundle success in 0 ms √57%
2024-8-27 20:30:28-debug: // ---- build task Add md5 suffix to assets ----
2024-8-27 20:30:28-debug: Add md5 suffix to assets start57%
2024-8-27 20:30:28-debug: Process: heapTotal 228.66MB heapUsed 217.43MB rss 328.28MB
2024-8-27 20:30:28-debug: run build task Add md5 suffix to assets success in 1 ms √67%
2024-8-27 20:30:28-debug: Init settings and config start67%
2024-8-27 20:30:28-debug: // ---- build task Init settings and config ----
2024-8-27 20:30:28-debug: Process: heapTotal 228.66MB heapUsed 216.82MB rss 328.30MB
2024-8-27 20:30:28-debug: // ---- build task Add md5 suffix to assets ---- (1ms)
2024-8-27 20:30:28-debug: run build task Init settings and config success in 0 ms √67%
2024-8-27 20:30:28-debug: builder.tasks.settings.macro start67%
2024-8-27 20:30:28-debug: // ---- build task builder.tasks.settings.macro ----
2024-8-27 20:30:28-debug: Process: heapTotal 228.66MB heapUsed 216.90MB rss 328.34MB
2024-8-27 20:30:28-debug: builder.tasks.settings.macro does not defined in i18n
2024-8-27 20:30:28-debug: // ---- build task builder.tasks.settings.macro ---- (2ms)
2024-8-27 20:30:28-debug: // ---- build task Sort some build options to settings.json ----
2024-8-27 20:30:28-debug: Process: heapTotal 228.66MB heapUsed 216.96MB rss 328.36MB
2024-8-27 20:30:28-debug: Sort some build options to settings.json start68%
2024-8-27 20:30:28-debug: run build task builder.tasks.settings.macro success in 2 ms √68%
2024-8-27 20:30:28-debug: run build task Sort some build options to settings.json success in 4 ms √68%
2024-8-27 20:30:28-debug: custom joint texture layouts start68%
2024-8-27 20:30:28-debug: // ---- build task custom joint texture layouts ----
2024-8-27 20:30:28-debug: Process: heapTotal 228.66MB heapUsed 217.06MB rss 328.45MB
2024-8-27 20:30:28-debug: // ---- build task Sort some build options to settings.json ---- (4ms)
2024-8-27 20:30:28-debug: // ---- build task custom joint texture layouts ---- (3ms)
2024-8-27 20:30:28-debug: run build task custom joint texture layouts success in 3 ms √69%
2024-8-27 20:30:28-debug: custom joint physics start69%
2024-8-27 20:30:28-debug: // ---- build task custom joint physics ----
2024-8-27 20:30:28-debug: Process: heapTotal 228.66MB heapUsed 217.12MB rss 328.48MB
2024-8-27 20:30:28-debug: run build task custom joint physics success in 0 ms √69%
2024-8-27 20:30:28-debug: Fill script data to settings start69%
2024-8-27 20:30:28-debug: // ---- build task Fill script data to settings ----
2024-8-27 20:30:28-debug: Process: heapTotal 228.66MB heapUsed 217.17MB rss 328.48MB
2024-8-27 20:30:28-debug: // ---- build task Fill scene data to settings ----
2024-8-27 20:30:28-debug: Process: heapTotal 228.66MB heapUsed 217.23MB rss 328.48MB
2024-8-27 20:30:28-debug: run build task Fill script data to settings success in 0 ms √70%
2024-8-27 20:30:28-debug: Fill scene data to settings start70%
2024-8-27 20:30:28-debug: run build task Fill scene data to settings success in 0 ms √71%
2024-8-27 20:30:28-debug: Process: heapTotal 228.66MB heapUsed 217.28MB rss 328.48MB
2024-8-27 20:30:28-debug: Organize assets groups，generate packedAssets and rawAssets data start71%
2024-8-27 20:30:28-debug: // ---- build task Organize assets groups，generate packedAssets and rawAssets data ----
2024-8-27 20:30:28-debug: // ---- build task Organize assets groups，generate packedAssets and rawAssets data ---- (1ms)
2024-8-27 20:30:28-debug: // ---- build task Generate md5AssetsMap from suffixMap to settings ----
2024-8-27 20:30:28-debug: Process: heapTotal 228.66MB heapUsed 217.50MB rss 328.48MB
2024-8-27 20:30:28-debug: Generate md5AssetsMap from suffixMap to settings start71%
2024-8-27 20:30:28-debug: run build task Organize assets groups，generate packedAssets and rawAssets data success in 1 ms √71%
2024-8-27 20:30:28-debug: options.md5Cache is false.
2024-8-27 20:30:28-debug: Process: heapTotal 228.66MB heapUsed 217.57MB rss 328.48MB
2024-8-27 20:30:28-debug: web-desktop:(onBeforeCompressSettings) start...72%
2024-8-27 20:30:28-debug: run build task Generate md5AssetsMap from suffixMap to settings success in 0 ms √72%
2024-8-27 20:30:28-debug: // ---- build task web-desktop：onBeforeCompressSettings ----
2024-8-27 20:30:28-debug: cocos-service:(onBeforeCompressSettings) start...73%
2024-8-27 20:30:28-debug: // ---- build task cocos-service：onBeforeCompressSettings ----
2024-8-27 20:30:28-debug: Process: heapTotal 228.66MB heapUsed 217.63MB rss 328.48MB
2024-8-27 20:30:28-debug: web-desktop:(onBeforeCompressSettings) in 0 ms73%
2024-8-27 20:30:28-debug: Build import-map.json start74%
2024-8-27 20:30:28-debug: // ---- build task Build import-map.json ----
2024-8-27 20:30:28-debug: cocos-service:(onBeforeCompressSettings) in 263 ms74%
2024-8-27 20:30:28-debug: // ---- build task cocos-service：onBeforeCompressSettings ---- (263ms)
2024-8-27 20:30:28-debug: Process: heapTotal 228.66MB heapUsed 217.71MB rss 328.56MB
2024-8-27 20:30:28-debug: run build task Build import-map.json success in 0 ms √75%
2024-8-27 20:30:28-debug: // ---- build task Compress settings.json and config.json ----
2024-8-27 20:30:28-debug: Process: heapTotal 228.66MB heapUsed 216.92MB rss 328.59MB
2024-8-27 20:30:28-debug: Compress settings.json and config.json start75%
2024-8-27 20:30:28-debug: // ---- build task Compress settings.json and config.json ---- (3ms)
2024-8-27 20:30:28-debug: Save config.json start76%
2024-8-27 20:30:28-debug: // ---- build task Save config.json ----
2024-8-27 20:30:28-debug: Process: heapTotal 228.66MB heapUsed 217.32MB rss 328.63MB
2024-8-27 20:30:28-debug: run build task Compress settings.json and config.json success in 3 ms √76%
2024-8-27 20:30:28-debug: // ---- build task Save config.json ---- (1ms)
2024-8-27 20:30:28-debug: run build task Save config.json success in 1 ms √76%
2024-8-27 20:30:28-debug: // ---- build task Save Settings.json ----
2024-8-27 20:30:28-debug: Process: heapTotal 228.66MB heapUsed 217.47MB rss 328.63MB
2024-8-27 20:30:28-debug: Save Settings.json start76%
2024-8-27 20:30:28-debug: run build task Save Settings.json success in 0 ms √77%
2024-8-27 20:30:28-debug: Save Settings.json start77%
2024-8-27 20:30:28-debug: Process: heapTotal 228.66MB heapUsed 217.61MB rss 328.63MB
2024-8-27 20:30:28-debug: // ---- build task Save Settings.json ----
2024-8-27 20:30:28-debug: run build task Save Settings.json success in 1 ms √78%
2024-8-27 20:30:28-debug: Sort build template start78%
2024-8-27 20:30:28-debug: // ---- build task Sort build template ----
2024-8-27 20:30:28-debug: Process: heapTotal 228.66MB heapUsed 217.66MB rss 328.64MB
2024-8-27 20:30:28-debug: // ---- build task Save Settings.json ---- (1ms)
2024-8-27 20:30:28-debug: run build task Sort build template success in 31 ms √79%
2024-8-27 20:30:28-debug: cocos-service:(onAfterCompressSettings) start...79%
2024-8-27 20:30:28-debug: // ---- build task cocos-service：onAfterCompressSettings ----
2024-8-27 20:30:28-debug: Process: heapTotal 231.16MB heapUsed 218.75MB rss 329.42MB
2024-8-27 20:30:28-debug: // ---- build task Sort build template ---- (31ms)
2024-8-27 20:30:28-debug: // ---- build task cocos-service：onAfterCompressSettings ---- (219ms)
2024-8-27 20:30:28-debug: // ---- build task web-desktop：onAfterBuild ----
2024-8-27 20:30:28-debug: web-desktop:(onAfterBuild) start...81%
2024-8-27 20:30:28-debug: Process: heapTotal 231.16MB heapUsed 218.06MB rss 330.31MB
2024-8-27 20:30:28-debug: cocos-service:(onAfterCompressSettings) in 219 ms81%
2024-8-27 20:30:28-debug: cocos-service:(onAfterBuild) start...82%
2024-8-27 20:30:28-debug: // ---- build task cocos-service：onAfterBuild ----
2024-8-27 20:30:28-debug: // ---- build task web-desktop：onAfterBuild ---- (12ms)
2024-8-27 20:30:28-debug: Process: heapTotal 231.16MB heapUsed 218.18MB rss 331.31MB
2024-8-27 20:30:28-debug: web-desktop:(onAfterBuild) in 12 ms82%
2024-8-27 20:30:29-debug: // ---- build task cocos-service：onAfterBuild ---- (260ms)
2024-8-27 20:30:29-log: Asset DB is resume!
2024-8-27 20:30:29-debug: cocos-service:(onAfterBuild) in 260 ms83%
2024-8-27 20:30:29-debug: build success in 12402 ms!
2024-8-27 20:30:29-debug: builder:build-project-total (12402ms)
2024-8-27 20:30:29-debug: ================================ build Task (web-desktop) Finished in (12406)ms ================================
