2024-8-23 20:16:51-debug: asset-db:worker-init (733ms)
2024-8-23 20:16:51-debug: Preimport db internal success
2024-8-23 20:16:51-debug: Preimport db assets success
2024-8-23 20:16:51-debug: asset-db:worker-effect-data-processing (96ms)
2024-8-23 20:16:53-debug: Set detail map pack:///resolution-detail-map.json: {}
2024-8-23 20:16:53-debug: Start up the 'internal' database...
2024-8-23 20:16:53-debug: asset-db:worker-init-script (15ms)
2024-8-23 20:16:53-debug: start asset-db with asset: 419
2024-8-23 20:16:53-debug: Start up the 'assets' database...
2024-8-23 20:16:53-debug: start asset-db with asset: 266
2024-8-23 20:16:53-debug: asset-db:worker-startup-database[internal] (2398ms)
2024-8-23 20:16:53-debug: asset-db:worker-startup-database[assets] (2446ms)
2024-8-23 20:16:53-debug: Asset DB is ready!
2024-8-23 20:16:53-debug: init worker message success
2024-8-23 20:16:53-debug: programming:execute-script (1ms)
2024-8-23 20:16:54-debug: builder:worker-init (173ms)
2024-8-23 20:16:56-debug: programming:execute-script (3ms)
2024-8-23 20:17:52-debug: programming:execute-script (4ms)
2024-8-23 20:17:52-debug: Query all assets info in project
2024-8-23 20:17:52-debug: BuildAssetLibrary query-assets with assets 825
2024-8-23 20:17:52-debug:   Number of all scripts: 64
2024-8-23 20:17:52-debug: Query asset bundle start0%
2024-8-23 20:17:52-debug: // ---- build task Query asset bundle ----
2024-8-23 20:17:52-debug:   Number of other assets: 614
2024-8-23 20:17:52-debug:   Number of all scenes: 4
2024-8-23 20:17:52-debug: init custom config: keepNodeUuid: false, useCache: true
2024-8-23 20:17:52-debug: Process: heapTotal 212.89MB heapUsed 193.40MB rss 466.06MB
2024-8-23 20:17:52-debug: // ---- build task Query asset bundle ---- (4ms)
2024-8-23 20:17:52-debug: Query and organize assets start3%
2024-8-23 20:17:52-debug: init bundle assets
2024-8-23 20:17:52-debug: // ---- build task Query and organize assets ----
2024-8-23 20:17:52-debug: Process: heapTotal 212.89MB heapUsed 192.99MB rss 466.09MB
2024-8-23 20:17:52-debug: run build task Query asset bundle success in 4 ms √3%
2024-8-23 20:17:52-debug: Query preload assets from cc.config.json: 60f7195c-ec2a-45eb-ba94-8955f60e81d0,1c02ae6f-4492-4915-b8f8-7492a3b1e4cd,810e96e4-e456-4468-9b59-f4e8f39732c0,efe8e2a3-eace-427b-b4f1-cb8a937ec77d,e9aa9a3e-5b2b-4ac7-a2c7-073de2b2b24f,8bbdbcdd-5cd4-4100-b6d5-b7c9625b6107,50f4348b-c883-4e2f-8f11-ce233b859fa1,fda095cb-831d-4601-ad94-846013963de8,f92806d7-1768-443f-afe8-12bcde84d0f0,dd3a144d-ab7f-41f0-82b8-2e43a090d496,f0416e68-0200-4b77-a926-4f9d16e494da,ff9be190-20a4-4e48-b68c-76e3c7cff085,970b0598-bcb0-4714-91fb-2e81440dccd8,bcd64cc6-2dd9-43f6-abbe-66318d332032,d930590d-bb92-4cc8-8bd1-23cd027f9edf,a3cd009f-0ab0-420d-9278-b9fdab939bbc,9361fd90-ba52-4f84-aa93-6e878fd576ca,c27215d8-6835-4b68-bfbb-bdeac6100c04,b5d6115f-0370-4d7c-aad3-c194cc71cf98,871c3b6c-7379-419d-bda3-794b239ab90d
2024-8-23 20:17:52-debug: Number of scenes: 4
2024-8-23 20:17:52-debug: // ---- build task Query and organize assets ---- (1ms)
2024-8-23 20:17:52-debug: run build task Query and organize assets success in 1 ms √7%
2024-8-23 20:17:52-debug: // ---- build task Organize scripts ----
2024-8-23 20:17:52-debug: Process: heapTotal 212.89MB heapUsed 193.26MB rss 466.14MB
2024-8-23 20:17:52-debug: Organize scripts start7%
2024-8-23 20:17:52-debug: sort script group...
2024-8-23 20:17:52-debug: // ---- build task Organize scripts ---- (1ms)
2024-8-23 20:17:52-debug: Init settings and config start10%
2024-8-23 20:17:52-debug: // ---- build task Init settings and config ----
2024-8-23 20:17:52-debug: run build task Organize scripts success in 1 ms √10%
2024-8-23 20:17:52-debug: Process: heapTotal 212.89MB heapUsed 193.31MB rss 466.14MB
2024-8-23 20:17:52-debug: run build task Init settings and config success in 0 ms √11%
2024-8-23 20:17:52-debug: builder.tasks.settings.macro start11%
2024-8-23 20:17:52-debug: // ---- build task builder.tasks.settings.macro ----
2024-8-23 20:17:52-debug: builder.tasks.settings.macro does not defined in i18n
2024-8-23 20:17:52-debug: Process: heapTotal 212.89MB heapUsed 193.34MB rss 466.16MB
2024-8-23 20:17:52-debug: // ---- build task builder.tasks.settings.macro ---- (1ms)
2024-8-23 20:17:52-debug: run build task builder.tasks.settings.macro success in 1 ms √11%
2024-8-23 20:17:52-debug: // ---- build task Sort some build options to settings.json ----
2024-8-23 20:17:52-debug: Process: heapTotal 212.89MB heapUsed 193.37MB rss 466.16MB
2024-8-23 20:17:52-debug: Sort some build options to settings.json start11%
2024-8-23 20:17:52-debug: // ---- build task Sort some build options to settings.json ---- (1ms)
2024-8-23 20:17:52-debug: custom joint texture layouts start12%
2024-8-23 20:17:52-debug: run build task Sort some build options to settings.json success in 1 ms √12%
2024-8-23 20:17:52-debug: // ---- build task custom joint texture layouts ----
2024-8-23 20:17:52-debug: Process: heapTotal 212.89MB heapUsed 193.43MB rss 466.19MB
2024-8-23 20:17:52-debug: run build task custom joint texture layouts success in 0 ms √12%
2024-8-23 20:17:52-debug: // ---- build task custom joint physics ----
2024-8-23 20:17:52-debug: Process: heapTotal 212.89MB heapUsed 193.45MB rss 466.19MB
2024-8-23 20:17:52-debug: custom joint physics start12%
2024-8-23 20:17:52-debug: run build task custom joint physics success in 0 ms √13%
2024-8-23 20:17:52-debug: Fill script data to settings start13%
2024-8-23 20:17:52-debug: // ---- build task Fill script data to settings ----
2024-8-23 20:17:52-debug: Process: heapTotal 212.89MB heapUsed 193.47MB rss 466.19MB
2024-8-23 20:17:52-debug: run build task Fill script data to settings success in 0 ms √13%
2024-8-23 20:17:52-debug: // ---- build task Fill scene data to settings ----
2024-8-23 20:17:52-debug: Process: heapTotal 212.89MB heapUsed 193.49MB rss 466.19MB
2024-8-23 20:17:52-debug: Fill scene data to settings start13%
2024-8-23 20:17:52-debug: run build task Fill scene data to settings success in 0 ms √14%
2024-8-23 20:17:52-debug: Organize assets groups，generate packedAssets and rawAssets data start14%
2024-8-23 20:17:52-debug: // ---- build task Organize assets groups，generate packedAssets and rawAssets data ----
2024-8-23 20:17:52-debug: Process: heapTotal 212.89MB heapUsed 193.51MB rss 466.19MB
2024-8-23 20:17:52-debug: // ---- build task Organize assets groups，generate packedAssets and rawAssets data ---- (1ms)
2024-8-23 20:17:52-debug: Generate md5AssetsMap from suffixMap to settings start14%
2024-8-23 20:17:52-debug: options.md5Cache is false.
2024-8-23 20:17:52-debug: // ---- build task Generate md5AssetsMap from suffixMap to settings ----
2024-8-23 20:17:52-debug: Process: heapTotal 212.89MB heapUsed 193.64MB rss 466.22MB
2024-8-23 20:17:52-debug: run build task Organize assets groups，generate packedAssets and rawAssets data success in 1 ms √14%
2024-8-23 20:17:52-debug: run build task Generate md5AssetsMap from suffixMap to settings success in 0 ms √15%
2024-8-23 20:18:24-debug: start refresh asset from /Users/ruoyan/Desktop/WorkSpace/LegendOfWarcraftHeroes/assets/scenes/Fight.scene...
2024-8-23 20:18:24-debug: %cImport%c: /Users/ruoyan/Desktop/WorkSpace/LegendOfWarcraftHeroes/assets/scenes/Fight.scenebackground: #aaff85; color: #000;color: #000;
2024-8-23 20:18:24-debug: refresh asset /Users/ruoyan/Desktop/WorkSpace/LegendOfWarcraftHeroes/assets/scenes success
2024-8-23 20:21:51-debug: refresh db internal success
2024-8-23 20:21:51-debug: asset-db:worker-effect-data-processing (118ms)
2024-8-23 20:21:51-debug: refresh db assets success
2024-8-23 20:21:51-debug: asset-db:refresh-all-database (188ms)
2024-8-23 20:21:54-debug: refresh db internal success
2024-8-23 20:21:54-debug: asset-db:worker-effect-data-processing (88ms)
2024-8-23 20:21:54-debug: refresh db assets success
2024-8-23 20:21:54-debug: asset-db:refresh-all-database (155ms)
2024-8-23 20:22:26-debug: programming:execute-script (6ms)
2024-8-23 20:22:26-debug: Query all assets info in project
2024-8-23 20:22:26-debug: BuildAssetLibrary query-assets with assets 825
2024-8-23 20:22:26-debug:   Number of other assets: 614
2024-8-23 20:22:26-debug: Query asset bundle start0%
2024-8-23 20:22:26-debug: // ---- build task Query asset bundle ----
2024-8-23 20:22:26-debug: Process: heapTotal 228.72MB heapUsed 210.17MB rss 331.78MB
2024-8-23 20:22:26-debug:   Number of all scripts: 64
2024-8-23 20:22:26-debug: init custom config: keepNodeUuid: false, useCache: true
2024-8-23 20:22:26-debug:   Number of all scenes: 4
2024-8-23 20:22:26-debug: // ---- build task Query asset bundle ---- (4ms)
2024-8-23 20:22:26-debug: Process: heapTotal 228.97MB heapUsed 210.48MB rss 331.78MB
2024-8-23 20:22:26-debug: Query and organize assets start3%
2024-8-23 20:22:26-debug: // ---- build task Query and organize assets ----
2024-8-23 20:22:26-debug: run build task Query asset bundle success in 4 ms √3%
2024-8-23 20:22:26-debug: init bundle assets
2024-8-23 20:22:26-debug: Query preload assets from cc.config.json: 60f7195c-ec2a-45eb-ba94-8955f60e81d0,1c02ae6f-4492-4915-b8f8-7492a3b1e4cd,810e96e4-e456-4468-9b59-f4e8f39732c0,efe8e2a3-eace-427b-b4f1-cb8a937ec77d,e9aa9a3e-5b2b-4ac7-a2c7-073de2b2b24f,8bbdbcdd-5cd4-4100-b6d5-b7c9625b6107,50f4348b-c883-4e2f-8f11-ce233b859fa1,fda095cb-831d-4601-ad94-846013963de8,f92806d7-1768-443f-afe8-12bcde84d0f0,dd3a144d-ab7f-41f0-82b8-2e43a090d496,f0416e68-0200-4b77-a926-4f9d16e494da,ff9be190-20a4-4e48-b68c-76e3c7cff085,970b0598-bcb0-4714-91fb-2e81440dccd8,bcd64cc6-2dd9-43f6-abbe-66318d332032,d930590d-bb92-4cc8-8bd1-23cd027f9edf,a3cd009f-0ab0-420d-9278-b9fdab939bbc,9361fd90-ba52-4f84-aa93-6e878fd576ca,c27215d8-6835-4b68-bfbb-bdeac6100c04,b5d6115f-0370-4d7c-aad3-c194cc71cf98,871c3b6c-7379-419d-bda3-794b239ab90d
2024-8-23 20:22:26-debug: Number of scenes: 4
2024-8-23 20:22:26-debug: // ---- build task Query and organize assets ---- (1ms)
2024-8-23 20:22:26-debug: Organize scripts start7%
2024-8-23 20:22:26-debug: sort script group...
2024-8-23 20:22:26-debug: Process: heapTotal 228.97MB heapUsed 210.74MB rss 331.83MB
2024-8-23 20:22:26-debug: run build task Query and organize assets success in 1 ms √7%
2024-8-23 20:22:26-debug: // ---- build task Organize scripts ----
2024-8-23 20:22:26-debug: // ---- build task Organize scripts ---- (1ms)
2024-8-23 20:22:26-debug: Init settings and config start10%
2024-8-23 20:22:26-debug: // ---- build task Init settings and config ----
2024-8-23 20:22:26-debug: run build task Organize scripts success in 1 ms √10%
2024-8-23 20:22:26-debug: Process: heapTotal 228.97MB heapUsed 210.79MB rss 331.84MB
2024-8-23 20:22:26-debug: run build task Init settings and config success in 0 ms √11%
2024-8-23 20:22:26-debug: builder.tasks.settings.macro start11%
2024-8-23 20:22:26-debug: // ---- build task builder.tasks.settings.macro ----
2024-8-23 20:22:26-debug: Process: heapTotal 228.97MB heapUsed 210.82MB rss 331.84MB
2024-8-23 20:22:26-debug: builder.tasks.settings.macro does not defined in i18n
2024-8-23 20:22:26-debug: // ---- build task builder.tasks.settings.macro ---- (1ms)
2024-8-23 20:22:26-debug: run build task builder.tasks.settings.macro success in 1 ms √11%
2024-8-23 20:22:26-debug: Process: heapTotal 228.97MB heapUsed 210.84MB rss 331.84MB
2024-8-23 20:22:26-debug: // ---- build task Sort some build options to settings.json ----
2024-8-23 20:22:26-debug: Sort some build options to settings.json start11%
2024-8-23 20:22:26-debug: // ---- build task Sort some build options to settings.json ---- (1ms)
2024-8-23 20:22:26-debug: custom joint texture layouts start12%
2024-8-23 20:22:26-debug: Process: heapTotal 228.97MB heapUsed 210.90MB rss 331.86MB
2024-8-23 20:22:26-debug: run build task Sort some build options to settings.json success in 1 ms √12%
2024-8-23 20:22:26-debug: // ---- build task custom joint texture layouts ----
2024-8-23 20:22:26-debug: run build task custom joint texture layouts success in 0 ms √12%
2024-8-23 20:22:26-debug: // ---- build task custom joint physics ----
2024-8-23 20:22:26-debug: Process: heapTotal 228.97MB heapUsed 210.93MB rss 331.86MB
2024-8-23 20:22:26-debug: custom joint physics start12%
2024-8-23 20:22:26-debug: run build task custom joint physics success in 0 ms √13%
2024-8-23 20:22:26-debug: // ---- build task Fill script data to settings ----
2024-8-23 20:22:26-debug: Fill script data to settings start13%
2024-8-23 20:22:26-debug: Process: heapTotal 228.97MB heapUsed 210.94MB rss 331.86MB
2024-8-23 20:22:26-debug: run build task Fill script data to settings success in 0 ms √13%
2024-8-23 20:22:26-debug: // ---- build task Fill scene data to settings ----
2024-8-23 20:22:26-debug: Fill scene data to settings start13%
2024-8-23 20:22:26-debug: Process: heapTotal 228.97MB heapUsed 210.96MB rss 331.86MB
2024-8-23 20:22:26-debug: // ---- build task Fill scene data to settings ---- (1ms)
2024-8-23 20:22:26-debug: // ---- build task Organize assets groups，generate packedAssets and rawAssets data ----
2024-8-23 20:22:26-debug: Organize assets groups，generate packedAssets and rawAssets data start14%
2024-8-23 20:22:26-debug: run build task Fill scene data to settings success in 1 ms √14%
2024-8-23 20:22:26-debug: Process: heapTotal 228.97MB heapUsed 210.98MB rss 331.86MB
2024-8-23 20:22:26-debug: run build task Organize assets groups，generate packedAssets and rawAssets data success in 0 ms √14%
2024-8-23 20:22:26-debug: // ---- build task Generate md5AssetsMap from suffixMap to settings ----
2024-8-23 20:22:26-debug: Generate md5AssetsMap from suffixMap to settings start14%
2024-8-23 20:22:26-debug: Process: heapTotal 228.97MB heapUsed 211.10MB rss 331.88MB
2024-8-23 20:22:26-debug: options.md5Cache is false.
2024-8-23 20:22:26-debug: run build task Generate md5AssetsMap from suffixMap to settings success in 0 ms √15%
2024-8-23 20:23:04-debug: refresh db internal success
2024-8-23 20:23:04-debug: asset-db:worker-effect-data-processing (115ms)
2024-8-23 20:23:04-debug: refresh db assets success
2024-8-23 20:23:04-debug: asset-db:refresh-all-database (191ms)
2024-8-23 20:23:06-debug: programming:execute-script (2ms)
2024-8-23 20:23:06-debug: Query all assets info in project
2024-8-23 20:23:06-debug: BuildAssetLibrary query-assets with assets 825
2024-8-23 20:23:06-debug:   Number of all scenes: 4
2024-8-23 20:23:06-debug:   Number of all scripts: 64
2024-8-23 20:23:06-debug:   Number of other assets: 614
2024-8-23 20:23:06-debug: Query asset bundle start0%
2024-8-23 20:23:06-debug: // ---- build task Query asset bundle ----
2024-8-23 20:23:06-debug: init custom config: keepNodeUuid: false, useCache: true
2024-8-23 20:23:06-debug: Process: heapTotal 233.80MB heapUsed 201.34MB rss 343.56MB
2024-8-23 20:23:06-debug: // ---- build task Query asset bundle ---- (3ms)
2024-8-23 20:23:06-debug: Process: heapTotal 233.80MB heapUsed 196.66MB rss 343.56MB
2024-8-23 20:23:06-debug: init bundle assets
2024-8-23 20:23:06-debug: // ---- build task Query and organize assets ----
2024-8-23 20:23:06-debug: run build task Query asset bundle success in 3 ms √3%
2024-8-23 20:23:06-debug: Query and organize assets start3%
2024-8-23 20:23:06-debug: Query preload assets from cc.config.json: 60f7195c-ec2a-45eb-ba94-8955f60e81d0,1c02ae6f-4492-4915-b8f8-7492a3b1e4cd,810e96e4-e456-4468-9b59-f4e8f39732c0,efe8e2a3-eace-427b-b4f1-cb8a937ec77d,e9aa9a3e-5b2b-4ac7-a2c7-073de2b2b24f,8bbdbcdd-5cd4-4100-b6d5-b7c9625b6107,50f4348b-c883-4e2f-8f11-ce233b859fa1,fda095cb-831d-4601-ad94-846013963de8,f92806d7-1768-443f-afe8-12bcde84d0f0,dd3a144d-ab7f-41f0-82b8-2e43a090d496,f0416e68-0200-4b77-a926-4f9d16e494da,ff9be190-20a4-4e48-b68c-76e3c7cff085,970b0598-bcb0-4714-91fb-2e81440dccd8,bcd64cc6-2dd9-43f6-abbe-66318d332032,d930590d-bb92-4cc8-8bd1-23cd027f9edf,a3cd009f-0ab0-420d-9278-b9fdab939bbc,9361fd90-ba52-4f84-aa93-6e878fd576ca,c27215d8-6835-4b68-bfbb-bdeac6100c04,b5d6115f-0370-4d7c-aad3-c194cc71cf98,871c3b6c-7379-419d-bda3-794b239ab90d
2024-8-23 20:23:06-debug: Number of scenes: 4
2024-8-23 20:23:06-debug: // ---- build task Query and organize assets ---- (1ms)
2024-8-23 20:23:06-debug: // ---- build task Organize scripts ----
2024-8-23 20:23:06-debug: sort script group...
2024-8-23 20:23:06-debug: Process: heapTotal 233.80MB heapUsed 196.92MB rss 343.56MB
2024-8-23 20:23:06-debug: run build task Query and organize assets success in 1 ms √7%
2024-8-23 20:23:06-debug: Organize scripts start7%
2024-8-23 20:23:06-debug: run build task Organize scripts success in 0 ms √10%
2024-8-23 20:23:06-debug: // ---- build task Init settings and config ----
2024-8-23 20:23:06-debug: Process: heapTotal 233.80MB heapUsed 196.97MB rss 343.56MB
2024-8-23 20:23:06-debug: Init settings and config start10%
2024-8-23 20:23:06-debug: run build task Init settings and config success in 0 ms √11%
2024-8-23 20:23:06-debug: builder.tasks.settings.macro does not defined in i18n
2024-8-23 20:23:06-debug: // ---- build task builder.tasks.settings.macro ----
2024-8-23 20:23:06-debug: builder.tasks.settings.macro start11%
2024-8-23 20:23:06-debug: Process: heapTotal 233.80MB heapUsed 197.00MB rss 343.56MB
2024-8-23 20:23:06-debug: run build task builder.tasks.settings.macro success in 0 ms √11%
2024-8-23 20:23:06-debug: Sort some build options to settings.json start11%
2024-8-23 20:23:06-debug: // ---- build task Sort some build options to settings.json ----
2024-8-23 20:23:06-debug: Process: heapTotal 233.80MB heapUsed 197.02MB rss 343.56MB
2024-8-23 20:23:06-debug: // ---- build task Sort some build options to settings.json ---- (1ms)
2024-8-23 20:23:06-debug: custom joint texture layouts start12%
2024-8-23 20:23:06-debug: Process: heapTotal 233.80MB heapUsed 197.08MB rss 343.56MB
2024-8-23 20:23:06-debug: // ---- build task custom joint texture layouts ----
2024-8-23 20:23:06-debug: run build task Sort some build options to settings.json success in 1 ms √12%
2024-8-23 20:23:06-debug: run build task custom joint texture layouts success in 0 ms √12%
2024-8-23 20:23:06-debug: // ---- build task custom joint physics ----
2024-8-23 20:23:06-debug: Process: heapTotal 233.80MB heapUsed 197.10MB rss 343.56MB
2024-8-23 20:23:06-debug: custom joint physics start12%
2024-8-23 20:23:06-debug: run build task custom joint physics success in 0 ms √13%
2024-8-23 20:23:06-debug: // ---- build task Fill script data to settings ----
2024-8-23 20:23:06-debug: Process: heapTotal 233.80MB heapUsed 197.12MB rss 343.58MB
2024-8-23 20:23:06-debug: Fill script data to settings start13%
2024-8-23 20:23:06-debug: run build task Fill script data to settings success in 0 ms √13%
2024-8-23 20:23:06-debug: // ---- build task Fill scene data to settings ----
2024-8-23 20:23:06-debug: Fill scene data to settings start13%
2024-8-23 20:23:06-debug: Process: heapTotal 233.80MB heapUsed 197.13MB rss 343.58MB
2024-8-23 20:23:06-debug: run build task Fill scene data to settings success in 0 ms √14%
2024-8-23 20:23:06-debug: // ---- build task Organize assets groups，generate packedAssets and rawAssets data ----
2024-8-23 20:23:06-debug: Process: heapTotal 233.80MB heapUsed 197.15MB rss 343.59MB
2024-8-23 20:23:06-debug: Organize assets groups，generate packedAssets and rawAssets data start14%
2024-8-23 20:23:06-debug: run build task Organize assets groups，generate packedAssets and rawAssets data success in 0 ms √14%
2024-8-23 20:23:06-debug: Generate md5AssetsMap from suffixMap to settings start14%
2024-8-23 20:23:06-debug: // ---- build task Generate md5AssetsMap from suffixMap to settings ----
2024-8-23 20:23:06-debug: Process: heapTotal 233.80MB heapUsed 197.27MB rss 343.59MB
2024-8-23 20:23:06-debug: options.md5Cache is false.
2024-8-23 20:23:06-debug: run build task Generate md5AssetsMap from suffixMap to settings success in 0 ms √15%
2024-8-23 20:23:48-debug: programming:execute-script (2ms)
2024-8-23 20:23:48-debug: Query all assets info in project
2024-8-23 20:23:48-debug: BuildAssetLibrary query-assets with assets 825
2024-8-23 20:23:48-debug:   Number of other assets: 614
2024-8-23 20:23:48-debug: Query asset bundle start0%
2024-8-23 20:23:48-debug: // ---- build task Query asset bundle ----
2024-8-23 20:23:48-debug: Process: heapTotal 218.80MB heapUsed 197.28MB rss 343.67MB
2024-8-23 20:23:48-debug:   Number of all scenes: 4
2024-8-23 20:23:48-debug:   Number of all scripts: 64
2024-8-23 20:23:48-debug: init custom config: keepNodeUuid: false, useCache: true
2024-8-23 20:23:48-debug: // ---- build task Query asset bundle ---- (4ms)
2024-8-23 20:23:48-debug: // ---- build task Query and organize assets ----
2024-8-23 20:23:48-debug: init bundle assets
2024-8-23 20:23:48-debug: Process: heapTotal 218.80MB heapUsed 197.61MB rss 343.69MB
2024-8-23 20:23:48-debug: run build task Query asset bundle success in 4 ms √3%
2024-8-23 20:23:48-debug: Query and organize assets start3%
2024-8-23 20:23:48-debug: Query preload assets from cc.config.json: 60f7195c-ec2a-45eb-ba94-8955f60e81d0,1c02ae6f-4492-4915-b8f8-7492a3b1e4cd,810e96e4-e456-4468-9b59-f4e8f39732c0,efe8e2a3-eace-427b-b4f1-cb8a937ec77d,e9aa9a3e-5b2b-4ac7-a2c7-073de2b2b24f,8bbdbcdd-5cd4-4100-b6d5-b7c9625b6107,50f4348b-c883-4e2f-8f11-ce233b859fa1,fda095cb-831d-4601-ad94-846013963de8,f92806d7-1768-443f-afe8-12bcde84d0f0,dd3a144d-ab7f-41f0-82b8-2e43a090d496,f0416e68-0200-4b77-a926-4f9d16e494da,ff9be190-20a4-4e48-b68c-76e3c7cff085,970b0598-bcb0-4714-91fb-2e81440dccd8,bcd64cc6-2dd9-43f6-abbe-66318d332032,d930590d-bb92-4cc8-8bd1-23cd027f9edf,a3cd009f-0ab0-420d-9278-b9fdab939bbc,9361fd90-ba52-4f84-aa93-6e878fd576ca,c27215d8-6835-4b68-bfbb-bdeac6100c04,b5d6115f-0370-4d7c-aad3-c194cc71cf98,871c3b6c-7379-419d-bda3-794b239ab90d
2024-8-23 20:23:48-debug: Number of scenes: 4
2024-8-23 20:23:48-debug: // ---- build task Query and organize assets ---- (1ms)
2024-8-23 20:23:48-debug: run build task Query and organize assets success in 1 ms √7%
2024-8-23 20:23:48-debug: Process: heapTotal 218.80MB heapUsed 197.86MB rss 343.69MB
2024-8-23 20:23:48-debug: Organize scripts start7%
2024-8-23 20:23:48-debug: // ---- build task Organize scripts ----
2024-8-23 20:23:48-debug: sort script group...
2024-8-23 20:23:48-debug: run build task Organize scripts success in 0 ms √10%
2024-8-23 20:23:48-debug: Process: heapTotal 218.80MB heapUsed 197.90MB rss 343.69MB
2024-8-23 20:23:48-debug: // ---- build task Init settings and config ----
2024-8-23 20:23:48-debug: Init settings and config start10%
2024-8-23 20:23:48-debug: run build task Init settings and config success in 0 ms √11%
2024-8-23 20:23:48-debug: builder.tasks.settings.macro start11%
2024-8-23 20:23:48-debug: // ---- build task builder.tasks.settings.macro ----
2024-8-23 20:23:48-debug: builder.tasks.settings.macro does not defined in i18n
2024-8-23 20:23:48-debug: Process: heapTotal 218.80MB heapUsed 197.93MB rss 343.69MB
2024-8-23 20:23:48-debug: // ---- build task builder.tasks.settings.macro ---- (1ms)
2024-8-23 20:23:48-debug: run build task builder.tasks.settings.macro success in 1 ms √11%
2024-8-23 20:23:48-debug: // ---- build task Sort some build options to settings.json ----
2024-8-23 20:23:48-debug: Sort some build options to settings.json start11%
2024-8-23 20:23:48-debug: Process: heapTotal 218.80MB heapUsed 197.96MB rss 343.69MB
2024-8-23 20:23:48-debug: run build task Sort some build options to settings.json success in 0 ms √12%
2024-8-23 20:23:48-debug: custom joint texture layouts start12%
2024-8-23 20:23:48-debug: Process: heapTotal 218.80MB heapUsed 198.01MB rss 343.70MB
2024-8-23 20:23:48-debug: // ---- build task custom joint texture layouts ----
2024-8-23 20:23:48-debug: run build task custom joint texture layouts success in 0 ms √12%
2024-8-23 20:23:48-debug: // ---- build task custom joint physics ----
2024-8-23 20:23:48-debug: custom joint physics start12%
2024-8-23 20:23:48-debug: Process: heapTotal 218.80MB heapUsed 198.03MB rss 343.70MB
2024-8-23 20:23:48-debug: run build task custom joint physics success in 0 ms √13%
2024-8-23 20:23:48-debug: // ---- build task Fill script data to settings ----
2024-8-23 20:23:48-debug: Fill script data to settings start13%
2024-8-23 20:23:48-debug: Process: heapTotal 218.80MB heapUsed 198.05MB rss 343.72MB
2024-8-23 20:23:48-debug: run build task Fill script data to settings success in 0 ms √13%
2024-8-23 20:23:48-debug: Process: heapTotal 218.80MB heapUsed 198.07MB rss 343.73MB
2024-8-23 20:23:48-debug: // ---- build task Fill scene data to settings ----
2024-8-23 20:23:48-debug: Fill scene data to settings start13%
2024-8-23 20:23:48-debug: run build task Fill scene data to settings success in 0 ms √14%
2024-8-23 20:23:48-debug: // ---- build task Organize assets groups，generate packedAssets and rawAssets data ----
2024-8-23 20:23:48-debug: Process: heapTotal 218.80MB heapUsed 198.08MB rss 343.73MB
2024-8-23 20:23:48-debug: Organize assets groups，generate packedAssets and rawAssets data start14%
2024-8-23 20:23:48-debug: run build task Organize assets groups，generate packedAssets and rawAssets data success in 0 ms √14%
2024-8-23 20:23:48-debug: // ---- build task Generate md5AssetsMap from suffixMap to settings ----
2024-8-23 20:23:48-debug: Process: heapTotal 218.80MB heapUsed 197.57MB rss 343.73MB
2024-8-23 20:23:48-debug: Generate md5AssetsMap from suffixMap to settings start14%
2024-8-23 20:23:48-debug: options.md5Cache is false.
2024-8-23 20:23:48-debug: run build task Generate md5AssetsMap from suffixMap to settings success in 0 ms √15%
2024-8-23 20:23:57-debug: programming:execute-script (3ms)
2024-8-23 20:23:57-debug: Query all assets info in project
2024-8-23 20:23:57-debug: BuildAssetLibrary query-assets with assets 825
2024-8-23 20:23:57-debug:   Number of other assets: 614
2024-8-23 20:23:57-debug: Query asset bundle start0%
2024-8-23 20:23:57-debug: // ---- build task Query asset bundle ----
2024-8-23 20:23:57-debug: Process: heapTotal 219.80MB heapUsed 199.17MB rss 343.78MB
2024-8-23 20:23:57-debug: init custom config: keepNodeUuid: false, useCache: true
2024-8-23 20:23:57-debug:   Number of all scripts: 64
2024-8-23 20:23:57-debug:   Number of all scenes: 4
2024-8-23 20:23:57-debug: // ---- build task Query asset bundle ---- (4ms)
2024-8-23 20:23:57-debug: // ---- build task Query and organize assets ----
2024-8-23 20:23:57-debug: Process: heapTotal 221.80MB heapUsed 200.15MB rss 343.80MB
2024-8-23 20:23:57-debug: run build task Query asset bundle success in 4 ms √3%
2024-8-23 20:23:57-debug: init bundle assets
2024-8-23 20:23:57-debug: Query and organize assets start3%
2024-8-23 20:23:57-debug: Query preload assets from cc.config.json: 60f7195c-ec2a-45eb-ba94-8955f60e81d0,1c02ae6f-4492-4915-b8f8-7492a3b1e4cd,810e96e4-e456-4468-9b59-f4e8f39732c0,efe8e2a3-eace-427b-b4f1-cb8a937ec77d,e9aa9a3e-5b2b-4ac7-a2c7-073de2b2b24f,8bbdbcdd-5cd4-4100-b6d5-b7c9625b6107,50f4348b-c883-4e2f-8f11-ce233b859fa1,fda095cb-831d-4601-ad94-846013963de8,f92806d7-1768-443f-afe8-12bcde84d0f0,dd3a144d-ab7f-41f0-82b8-2e43a090d496,f0416e68-0200-4b77-a926-4f9d16e494da,ff9be190-20a4-4e48-b68c-76e3c7cff085,970b0598-bcb0-4714-91fb-2e81440dccd8,bcd64cc6-2dd9-43f6-abbe-66318d332032,d930590d-bb92-4cc8-8bd1-23cd027f9edf,a3cd009f-0ab0-420d-9278-b9fdab939bbc,9361fd90-ba52-4f84-aa93-6e878fd576ca,c27215d8-6835-4b68-bfbb-bdeac6100c04,b5d6115f-0370-4d7c-aad3-c194cc71cf98,871c3b6c-7379-419d-bda3-794b239ab90d
2024-8-23 20:23:57-debug: Number of scenes: 4
2024-8-23 20:23:57-debug: // ---- build task Query and organize assets ---- (1ms)
2024-8-23 20:23:57-debug: Organize scripts start7%
2024-8-23 20:23:57-debug: Process: heapTotal 221.80MB heapUsed 200.38MB rss 343.80MB
2024-8-23 20:23:57-debug: // ---- build task Organize scripts ----
2024-8-23 20:23:57-debug: sort script group...
2024-8-23 20:23:57-debug: run build task Query and organize assets success in 1 ms √7%
2024-8-23 20:23:57-debug: run build task Organize scripts success in 0 ms √10%
2024-8-23 20:23:57-debug: // ---- build task Init settings and config ----
2024-8-23 20:23:57-debug: Process: heapTotal 221.80MB heapUsed 200.42MB rss 343.80MB
2024-8-23 20:23:57-debug: Init settings and config start10%
2024-8-23 20:23:57-debug: run build task Init settings and config success in 0 ms √11%
2024-8-23 20:23:57-debug: // ---- build task builder.tasks.settings.macro ----
2024-8-23 20:23:57-debug: builder.tasks.settings.macro start11%
2024-8-23 20:23:57-debug: builder.tasks.settings.macro does not defined in i18n
2024-8-23 20:23:57-debug: Process: heapTotal 221.80MB heapUsed 200.46MB rss 343.80MB
2024-8-23 20:23:57-debug: run build task builder.tasks.settings.macro success in 0 ms √11%
2024-8-23 20:23:57-debug: // ---- build task Sort some build options to settings.json ----
2024-8-23 20:23:57-debug: Sort some build options to settings.json start11%
2024-8-23 20:23:57-debug: Process: heapTotal 221.80MB heapUsed 200.48MB rss 343.80MB
2024-8-23 20:23:57-debug: // ---- build task Sort some build options to settings.json ---- (1ms)
2024-8-23 20:23:57-debug: custom joint texture layouts start12%
2024-8-23 20:23:57-debug: // ---- build task custom joint texture layouts ----
2024-8-23 20:23:57-debug: Process: heapTotal 221.80MB heapUsed 199.35MB rss 343.80MB
2024-8-23 20:23:57-debug: run build task Sort some build options to settings.json success in 1 ms √12%
2024-8-23 20:23:57-debug: run build task custom joint texture layouts success in 0 ms √12%
2024-8-23 20:23:57-debug: custom joint physics start12%
2024-8-23 20:23:57-debug: // ---- build task custom joint physics ----
2024-8-23 20:23:57-debug: Process: heapTotal 221.80MB heapUsed 199.37MB rss 343.80MB
2024-8-23 20:23:57-debug: run build task custom joint physics success in 0 ms √13%
2024-8-23 20:23:57-debug: Fill script data to settings start13%
2024-8-23 20:23:57-debug: // ---- build task Fill script data to settings ----
2024-8-23 20:23:57-debug: Process: heapTotal 221.80MB heapUsed 199.39MB rss 343.80MB
2024-8-23 20:23:57-debug: run build task Fill script data to settings success in 0 ms √13%
2024-8-23 20:23:57-debug: Process: heapTotal 221.80MB heapUsed 199.40MB rss 343.80MB
2024-8-23 20:23:57-debug: // ---- build task Fill scene data to settings ----
2024-8-23 20:23:57-debug: Fill scene data to settings start13%
2024-8-23 20:23:57-debug: run build task Fill scene data to settings success in 0 ms √14%
2024-8-23 20:23:57-debug: Organize assets groups，generate packedAssets and rawAssets data start14%
2024-8-23 20:23:57-debug: // ---- build task Organize assets groups，generate packedAssets and rawAssets data ----
2024-8-23 20:23:57-debug: Process: heapTotal 221.80MB heapUsed 199.42MB rss 343.80MB
2024-8-23 20:23:57-debug: // ---- build task Organize assets groups，generate packedAssets and rawAssets data ---- (1ms)
2024-8-23 20:23:57-debug: Generate md5AssetsMap from suffixMap to settings start14%
2024-8-23 20:23:57-debug: Process: heapTotal 221.80MB heapUsed 199.53MB rss 343.83MB
2024-8-23 20:23:57-debug: run build task Organize assets groups，generate packedAssets and rawAssets data success in 1 ms √14%
2024-8-23 20:23:57-debug: // ---- build task Generate md5AssetsMap from suffixMap to settings ----
2024-8-23 20:23:57-debug: options.md5Cache is false.
2024-8-23 20:23:57-debug: run build task Generate md5AssetsMap from suffixMap to settings success in 0 ms √15%
2024-8-23 20:24:11-debug: refresh db internal success
2024-8-23 20:24:11-debug: asset-db:worker-effect-data-processing (110ms)
2024-8-23 20:24:11-debug: refresh db assets success
2024-8-23 20:24:11-debug: asset-db:refresh-all-database (179ms)
2024-8-23 20:24:19-debug: Query all assets info in project
2024-8-23 20:24:19-debug: BuildAssetLibrary query-assets with assets 825
2024-8-23 20:24:19-debug:   Number of all scripts: 64
2024-8-23 20:24:19-debug: Query asset bundle start0%
2024-8-23 20:24:19-debug: // ---- build task Query asset bundle ----
2024-8-23 20:24:19-debug: Process: heapTotal 232.73MB heapUsed 197.35MB rss 347.42MB
2024-8-23 20:24:19-debug:   Number of all scenes: 4
2024-8-23 20:24:19-debug: init custom config: keepNodeUuid: false, useCache: true
2024-8-23 20:24:19-debug:   Number of other assets: 614
2024-8-23 20:24:19-debug: // ---- build task Query asset bundle ---- (4ms)
2024-8-23 20:24:19-debug: run build task Query asset bundle success in 4 ms √3%
2024-8-23 20:24:19-debug: Query and organize assets start3%
2024-8-23 20:24:19-debug: // ---- build task Query and organize assets ----
2024-8-23 20:24:19-debug: Process: heapTotal 232.73MB heapUsed 199.69MB rss 347.44MB
2024-8-23 20:24:19-debug: init bundle assets
2024-8-23 20:24:19-debug: Query preload assets from cc.config.json: 60f7195c-ec2a-45eb-ba94-8955f60e81d0,1c02ae6f-4492-4915-b8f8-7492a3b1e4cd,810e96e4-e456-4468-9b59-f4e8f39732c0,efe8e2a3-eace-427b-b4f1-cb8a937ec77d,e9aa9a3e-5b2b-4ac7-a2c7-073de2b2b24f,8bbdbcdd-5cd4-4100-b6d5-b7c9625b6107,50f4348b-c883-4e2f-8f11-ce233b859fa1,fda095cb-831d-4601-ad94-846013963de8,f92806d7-1768-443f-afe8-12bcde84d0f0,dd3a144d-ab7f-41f0-82b8-2e43a090d496,f0416e68-0200-4b77-a926-4f9d16e494da,ff9be190-20a4-4e48-b68c-76e3c7cff085,970b0598-bcb0-4714-91fb-2e81440dccd8,bcd64cc6-2dd9-43f6-abbe-66318d332032,d930590d-bb92-4cc8-8bd1-23cd027f9edf,a3cd009f-0ab0-420d-9278-b9fdab939bbc,9361fd90-ba52-4f84-aa93-6e878fd576ca,c27215d8-6835-4b68-bfbb-bdeac6100c04,b5d6115f-0370-4d7c-aad3-c194cc71cf98,871c3b6c-7379-419d-bda3-794b239ab90d
2024-8-23 20:24:19-debug: Number of scenes: 4
2024-8-23 20:24:19-debug: // ---- build task Query and organize assets ---- (2ms)
2024-8-23 20:24:19-debug: // ---- build task Organize scripts ----
2024-8-23 20:24:19-debug: Process: heapTotal 232.73MB heapUsed 199.93MB rss 347.44MB
2024-8-23 20:24:19-debug: Organize scripts start7%
2024-8-23 20:24:19-debug: run build task Query and organize assets success in 2 ms √7%
2024-8-23 20:24:19-debug: sort script group...
2024-8-23 20:24:19-debug: // ---- build task Organize scripts ---- (1ms)
2024-8-23 20:24:19-debug: // ---- build task Init settings and config ----
2024-8-23 20:24:19-debug: Init settings and config start10%
2024-8-23 20:24:19-debug: Process: heapTotal 232.73MB heapUsed 199.98MB rss 347.44MB
2024-8-23 20:24:19-debug: run build task Organize scripts success in 1 ms √10%
2024-8-23 20:24:19-debug: run build task Init settings and config success in 0 ms √11%
2024-8-23 20:24:19-debug: builder.tasks.settings.macro does not defined in i18n
2024-8-23 20:24:19-debug: builder.tasks.settings.macro start11%
2024-8-23 20:24:19-debug: // ---- build task builder.tasks.settings.macro ----
2024-8-23 20:24:19-debug: Process: heapTotal 232.73MB heapUsed 200.02MB rss 347.44MB
2024-8-23 20:24:19-debug: // ---- build task builder.tasks.settings.macro ---- (1ms)
2024-8-23 20:24:19-debug: Sort some build options to settings.json start11%
2024-8-23 20:24:19-debug: run build task builder.tasks.settings.macro success in 1 ms √11%
2024-8-23 20:24:19-debug: // ---- build task Sort some build options to settings.json ----
2024-8-23 20:24:19-debug: Process: heapTotal 232.73MB heapUsed 200.04MB rss 347.47MB
2024-8-23 20:24:19-debug: // ---- build task Sort some build options to settings.json ---- (2ms)
2024-8-23 20:24:19-debug: custom joint texture layouts start12%
2024-8-23 20:24:19-debug: run build task Sort some build options to settings.json success in 2 ms √12%
2024-8-23 20:24:19-debug: // ---- build task custom joint texture layouts ----
2024-8-23 20:24:19-debug: Process: heapTotal 232.73MB heapUsed 200.10MB rss 347.48MB
2024-8-23 20:24:19-debug: // ---- build task custom joint texture layouts ---- (2ms)
2024-8-23 20:24:19-debug: run build task custom joint texture layouts success in 2 ms √12%
2024-8-23 20:24:19-debug: // ---- build task custom joint physics ----
2024-8-23 20:24:19-debug: custom joint physics start12%
2024-8-23 20:24:19-debug: Process: heapTotal 232.73MB heapUsed 200.13MB rss 347.48MB
2024-8-23 20:24:19-debug: run build task custom joint physics success in 0 ms √13%
2024-8-23 20:24:19-debug: Fill script data to settings start13%
2024-8-23 20:24:19-debug: // ---- build task Fill script data to settings ----
2024-8-23 20:24:19-debug: Process: heapTotal 232.73MB heapUsed 200.14MB rss 347.48MB
2024-8-23 20:24:19-debug: // ---- build task Fill script data to settings ---- (1ms)
2024-8-23 20:24:19-debug: run build task Fill script data to settings success in 1 ms √13%
2024-8-23 20:24:19-debug: Fill scene data to settings start13%
2024-8-23 20:24:19-debug: // ---- build task Fill scene data to settings ----
2024-8-23 20:24:19-debug: Process: heapTotal 232.73MB heapUsed 200.17MB rss 347.50MB
2024-8-23 20:24:19-debug: run build task Fill scene data to settings success in 0 ms √14%
2024-8-23 20:24:19-debug: // ---- build task Organize assets groups，generate packedAssets and rawAssets data ----
2024-8-23 20:24:19-debug: Process: heapTotal 232.73MB heapUsed 200.19MB rss 347.50MB
2024-8-23 20:24:19-debug: Organize assets groups，generate packedAssets and rawAssets data start14%
2024-8-23 20:24:19-debug: // ---- build task Organize assets groups，generate packedAssets and rawAssets data ---- (1ms)
2024-8-23 20:24:19-debug: Generate md5AssetsMap from suffixMap to settings start14%
2024-8-23 20:24:19-debug: Process: heapTotal 232.73MB heapUsed 200.32MB rss 347.50MB
2024-8-23 20:24:19-debug: options.md5Cache is false.
2024-8-23 20:24:19-debug: // ---- build task Generate md5AssetsMap from suffixMap to settings ----
2024-8-23 20:24:19-debug: run build task Organize assets groups，generate packedAssets and rawAssets data success in 1 ms √14%
2024-8-23 20:24:19-debug: run build task Generate md5AssetsMap from suffixMap to settings success in 0 ms √15%
2024-8-23 20:24:28-debug: refresh db internal success
2024-8-23 20:24:28-debug: asset-db:worker-effect-data-processing (93ms)
2024-8-23 20:24:28-debug: refresh db assets success
2024-8-23 20:24:28-debug: asset-db:refresh-all-database (164ms)
2024-8-23 20:24:52-debug: refresh db internal success
2024-8-23 20:24:52-debug: asset-db:worker-effect-data-processing (110ms)
2024-8-23 20:24:52-debug: refresh db assets success
2024-8-23 20:24:52-debug: asset-db:refresh-all-database (177ms)
